{"name": "Progress Bar 75%", "status": "broken", "statusDetails": {"message": "selenium.common.exceptions.TimeoutException: Message:", "trace": "self = <tests.test_features_ui_playground.TestFeaturesUiPlayground object at 0x104d5cfa0>\n\n    @allure.title(\"Progress Bar 75%\")\n    @allure.severity(\"Minor\")\n    def test_progress_bar(self):\n        self.progress_bar_page.open()\n        self.progress_bar_page.is_opened()\n        self.progress_bar_page.click_button_start()\n        self.progress_bar_page.get_progress_bar_value()\n>       self.progress_bar_page.wait_for_progress_bar_to_reach_75()\n\ntests/test_features_ui_playground.py:36: \n_ _ _ _ _ _ _ _ _ _ _ _ _ _ _ _ _ _ _ _ _ _ _ _ _ _ _ _ _ _ _ _ _ _ _ _ _ _ _ _ \npages/progress_bar.py:35: in wait_for_progress_bar_to_reach_75\n    self.wait.until(\n_ _ _ _ _ _ _ _ _ _ _ _ _ _ _ _ _ _ _ _ _ _ _ _ _ _ _ _ _ _ _ _ _ _ _ _ _ _ _ _ \n\nself = <selenium.webdriver.support.wait.WebDriverWait (session=\"315eed339b4cdb6ce47731a5cd3239b1\")>\nmethod = <function ProgressBarPage.wait_for_progress_bar_to_reach_75.<locals>.<lambda> at 0x104a7fd90>\nmessage = ''\n\n    def until(self, method: Callable[[D], Union[Literal[False], T]], message: str = \"\") -> T:\n        \"\"\"Calls the method provided with the driver as an argument until the \\\n        return value does not evaluate to ``False``.\n    \n        :param method: callable(WebDriver)\n        :param message: optional message for :exc:`TimeoutException`\n        :returns: the result of the last call to `method`\n        :raises: :exc:`selenium.common.exceptions.TimeoutException` if timeout occurs\n        \"\"\"\n        screen = None\n        stacktrace = None\n    \n        end_time = time.monotonic() + self._timeout\n        while True:\n            try:\n                value = method(self._driver)\n                if value:\n                    return value\n            except self._ignored_exceptions as exc:\n                screen = getattr(exc, \"screen\", None)\n                stacktrace = getattr(exc, \"stacktrace\", None)\n            if time.monotonic() > end_time:\n                break\n            time.sleep(self._poll)\n>       raise TimeoutException(message, screen, stacktrace)\nE       selenium.common.exceptions.TimeoutException: Message:\n\n.venv/lib/python3.10/site-packages/selenium/webdriver/support/wait.py:105: TimeoutException"}, "steps": [{"name": "Открыть страницу http://uitestingplayground.com/progressbar", "status": "passed", "start": 1735396892735, "stop": 1735396894778}, {"name": "Страница http://uitestingplayground.com/progressbar открыта", "status": "passed", "start": 1735396894778, "stop": 1735396894792}, {"name": "Нажать на кнопку 'Start'", "status": "passed", "start": 1735396894792, "stop": 1735396894841}, {"name": "Получить текущее значение индикатора выполнения", "status": "passed", "start": 1735396894841, "stop": 1735396894855}, {"name": "Ждать, пока индикатор выполнения достигнет 75%", "status": "broken", "statusDetails": {"message": "selenium.common.exceptions.TimeoutException: Message: \n\n", "trace": "  File \"/Users/ivanvoronov/PycharmProjects/pom_uitesting_playground/.venv/lib/python3.10/site-packages/allure_commons/_allure.py\", line 192, in impl\n    return func(*a, **kw)\n  File \"/Users/ivanvoronov/PycharmProjects/pom_uitesting_playground/pages/progress_bar.py\", line 35, in wait_for_progress_bar_to_reach_75\n    self.wait.until(\n  File \"/Users/ivanvoronov/PycharmProjects/pom_uitesting_playground/.venv/lib/python3.10/site-packages/selenium/webdriver/support/wait.py\", line 105, in until\n    raise TimeoutException(message, screen, stacktrace)\n"}, "steps": [{"name": "Получить текущее значение индикатора выполнения", "status": "passed", "start": 1735396894855, "stop": 1735396894862}, {"name": "Получить текущее значение индикатора выполнения", "status": "passed", "start": 1735396895868, "stop": 1735396895887}, {"name": "Получить текущее значение индикатора выполнения", "status": "passed", "start": 1735396896893, "stop": 1735396896912}, {"name": "Получить текущее значение индикатора выполнения", "status": "passed", "start": 1735396897914, "stop": 1735396897939}, {"name": "Получить текущее значение индикатора выполнения", "status": "passed", "start": 1735396898945, "stop": 1735396898966}, {"name": "Получить текущее значение индикатора выполнения", "status": "passed", "start": 1735396899971, "stop": 1735396899987}, {"name": "Получить текущее значение индикатора выполнения", "status": "passed", "start": 1735396900993, "stop": 1735396901013}, {"name": "Получить текущее значение индикатора выполнения", "status": "passed", "start": 1735396902018, "stop": 1735396902043}, {"name": "Получить текущее значение индикатора выполнения", "status": "passed", "start": 1735396903044, "stop": 1735396903050}, {"name": "Получить текущее значение индикатора выполнения", "status": "passed", "start": 1735396904056, "stop": 1735396904079}, {"name": "Получить текущее значение индикатора выполнения", "status": "passed", "start": 1735396905084, "stop": 1735396905101}, {"name": "Получить текущее значение индикатора выполнения", "status": "passed", "start": 1735396906107, "stop": 1735396906131}, {"name": "Получить текущее значение индикатора выполнения", "status": "passed", "start": 1735396907133, "stop": 1735396907146}, {"name": "Получить текущее значение индикатора выполнения", "status": "passed", "start": 1735396908152, "stop": 1735396908177}, {"name": "Получить текущее значение индикатора выполнения", "status": "passed", "start": 1735396909181, "stop": 1735396909203}, {"name": "Получить текущее значение индикатора выполнения", "status": "passed", "start": 1735396910209, "stop": 1735396910227}, {"name": "Получить текущее значение индикатора выполнения", "status": "passed", "start": 1735396911232, "stop": 1735396911239}], "start": 1735396894855, "stop": 1735396911239}], "attachments": [{"name": "Скриншот", "source": "8d558739-7087-455a-8624-dedd6d837b5e-attachment.png", "type": "image/png"}], "start": 1735396892735, "stop": 1735396911241, "uuid": "ca7ec79b-91f9-4f17-9cfc-550828fdcd79", "historyId": "ca75a27916fee3f32a01df6c54749881", "testCaseId": "ca75a27916fee3f32a01df6c54749881", "fullName": "tests.test_features_ui_playground.TestFeaturesUiPlayground#test_progress_bar", "labels": [{"name": "feature", "value": "feature_ui_playground"}, {"name": "severity", "value": "Minor"}, {"name": "parentSuite", "value": "tests"}, {"name": "suite", "value": "test_features_ui_playground"}, {"name": "subSuite", "value": "TestFeaturesUiPlayground"}, {"name": "host", "value": "MacBook-Air-Ivan.local"}, {"name": "thread", "value": "35764-MainThread"}, {"name": "framework", "value": "pytest"}, {"name": "language", "value": "cpython3"}, {"name": "package", "value": "tests.test_features_ui_playground"}]}