{"name": "Progress Bar 75%", "status": "broken", "statusDetails": {"message": "selenium.common.exceptions.TimeoutException: Message:", "trace": "self = <tests.test_features_ui_playground.TestFeaturesUiPlayground object at 0x10718cfd0>\n\n    @allure.title(\"Progress Bar 75%\")\n    @allure.severity(\"Minor\")\n    def test_progress_bar(self):\n        self.progress_bar_page.open()\n        self.progress_bar_page.is_opened()\n        self.progress_bar_page.click_button_start()\n        self.progress_bar_page.get_progress_bar_value()\n>       self.progress_bar_page.wait_for_progress_bar_to_reach_75()\n\ntests/test_features_ui_playground.py:36: \n_ _ _ _ _ _ _ _ _ _ _ _ _ _ _ _ _ _ _ _ _ _ _ _ _ _ _ _ _ _ _ _ _ _ _ _ _ _ _ _ \npages/progress_bar.py:35: in wait_for_progress_bar_to_reach_75\n    self.wait.until(\n_ _ _ _ _ _ _ _ _ _ _ _ _ _ _ _ _ _ _ _ _ _ _ _ _ _ _ _ _ _ _ _ _ _ _ _ _ _ _ _ \n\nself = <selenium.webdriver.support.wait.WebDriverWait (session=\"400f72d65f262908520dfb285a259bf7\")>\nmethod = <function ProgressBarPage.wait_for_progress_bar_to_reach_75.<locals>.<lambda> at 0x105ce7d90>\nmessage = ''\n\n    def until(self, method: Callable[[D], Union[Literal[False], T]], message: str = \"\") -> T:\n        \"\"\"Calls the method provided with the driver as an argument until the \\\n        return value does not evaluate to ``False``.\n    \n        :param method: callable(WebDriver)\n        :param message: optional message for :exc:`TimeoutException`\n        :returns: the result of the last call to `method`\n        :raises: :exc:`selenium.common.exceptions.TimeoutException` if timeout occurs\n        \"\"\"\n        screen = None\n        stacktrace = None\n    \n        end_time = time.monotonic() + self._timeout\n        while True:\n            try:\n                value = method(self._driver)\n                if value:\n                    return value\n            except self._ignored_exceptions as exc:\n                screen = getattr(exc, \"screen\", None)\n                stacktrace = getattr(exc, \"stacktrace\", None)\n            if time.monotonic() > end_time:\n                break\n            time.sleep(self._poll)\n>       raise TimeoutException(message, screen, stacktrace)\nE       selenium.common.exceptions.TimeoutException: Message:\n\n.venv/lib/python3.10/site-packages/selenium/webdriver/support/wait.py:105: TimeoutException"}, "steps": [{"name": "Открыть страницу http://uitestingplayground.com/progressbar", "status": "passed", "start": 1735396376109, "stop": 1735396377773}, {"name": "Страница http://uitestingplayground.com/progressbar открыта", "status": "passed", "start": 1735396377773, "stop": 1735396377778}, {"name": "Нажать на кнопку 'Start'", "status": "passed", "start": 1735396377778, "stop": 1735396377833}, {"name": "Получить текущее значение индикатора выполнения", "status": "passed", "start": 1735396377833, "stop": 1735396377842}, {"name": "Ждать, пока индикатор выполнения достигнет 75%", "status": "broken", "statusDetails": {"message": "selenium.common.exceptions.TimeoutException: Message: \n\n", "trace": "  File \"/Users/ivanvoronov/PycharmProjects/pom_uitesting_playground/.venv/lib/python3.10/site-packages/allure_commons/_allure.py\", line 192, in impl\n    return func(*a, **kw)\n  File \"/Users/ivanvoronov/PycharmProjects/pom_uitesting_playground/pages/progress_bar.py\", line 35, in wait_for_progress_bar_to_reach_75\n    self.wait.until(\n  File \"/Users/ivanvoronov/PycharmProjects/pom_uitesting_playground/.venv/lib/python3.10/site-packages/selenium/webdriver/support/wait.py\", line 105, in until\n    raise TimeoutException(message, screen, stacktrace)\n"}, "steps": [{"name": "Получить текущее значение индикатора выполнения", "status": "passed", "start": 1735396377842, "stop": 1735396377847}, {"name": "Получить текущее значение индикатора выполнения", "status": "passed", "start": 1735396378853, "stop": 1735396378875}, {"name": "Получить текущее значение индикатора выполнения", "status": "passed", "start": 1735396379877, "stop": 1735396379896}, {"name": "Получить текущее значение индикатора выполнения", "status": "passed", "start": 1735396380898, "stop": 1735396380910}, {"name": "Получить текущее значение индикатора выполнения", "status": "passed", "start": 1735396381915, "stop": 1735396381939}, {"name": "Получить текущее значение индикатора выполнения", "status": "passed", "start": 1735396382942, "stop": 1735396382964}, {"name": "Получить текущее значение индикатора выполнения", "status": "passed", "start": 1735396383967, "stop": 1735396383990}, {"name": "Получить текущее значение индикатора выполнения", "status": "passed", "start": 1735396384995, "stop": 1735396385017}, {"name": "Получить текущее значение индикатора выполнения", "status": "passed", "start": 1735396386022, "stop": 1735396386044}, {"name": "Получить текущее значение индикатора выполнения", "status": "passed", "start": 1735396387045, "stop": 1735396387053}, {"name": "Получить текущее значение индикатора выполнения", "status": "passed", "start": 1735396388059, "stop": 1735396388080}, {"name": "Получить текущее значение индикатора выполнения", "status": "passed", "start": 1735396389085, "stop": 1735396389105}, {"name": "Получить текущее значение индикатора выполнения", "status": "passed", "start": 1735396390111, "stop": 1735396390131}, {"name": "Получить текущее значение индикатора выполнения", "status": "passed", "start": 1735396391136, "stop": 1735396391157}, {"name": "Получить текущее значение индикатора выполнения", "status": "passed", "start": 1735396392163, "stop": 1735396392185}, {"name": "Получить текущее значение индикатора выполнения", "status": "passed", "start": 1735396393188, "stop": 1735396393208}, {"name": "Получить текущее значение индикатора выполнения", "status": "passed", "start": 1735396394212, "stop": 1735396394234}], "start": 1735396377842, "stop": 1735396394234}], "attachments": [{"name": "Скриншот", "source": "f8121c37-e01a-4136-9527-5611b243ede4-attachment.png", "type": "image/png"}], "start": 1735396376109, "stop": 1735396394238, "uuid": "310cfc7e-fcd6-40c2-b815-698a076139ec", "historyId": "ca75a27916fee3f32a01df6c54749881", "testCaseId": "ca75a27916fee3f32a01df6c54749881", "fullName": "tests.test_features_ui_playground.TestFeaturesUiPlayground#test_progress_bar", "labels": [{"name": "severity", "value": "Minor"}, {"name": "feature", "value": "feature_ui_playground"}, {"name": "parentSuite", "value": "tests"}, {"name": "suite", "value": "test_features_ui_playground"}, {"name": "subSuite", "value": "TestFeaturesUiPlayground"}, {"name": "host", "value": "MacBook-Air-Ivan.local"}, {"name": "thread", "value": "30783-MainThread"}, {"name": "framework", "value": "pytest"}, {"name": "language", "value": "cpython3"}, {"name": "package", "value": "tests.test_features_ui_playground"}]}