{"name": "Progress Bar 75%", "status": "broken", "statusDetails": {"message": "selenium.common.exceptions.TimeoutException: Message:", "trace": "self = <tests.test_features_ui_playground.TestFeaturesUiPlayground object at 0x104dd8f40>\n\n    @allure.title(\"Progress Bar 75%\")\n    @allure.severity(\"Minor\")\n    def test_progress_bar(self):\n        self.progress_bar_page.open()\n        self.progress_bar_page.is_opened()\n        self.progress_bar_page.click_button_start()\n        self.progress_bar_page.get_progress_bar_value()\n>       self.progress_bar_page.wait_for_progress_bar_to_reach_75()\n\ntests/test_features_ui_playground.py:36: \n_ _ _ _ _ _ _ _ _ _ _ _ _ _ _ _ _ _ _ _ _ _ _ _ _ _ _ _ _ _ _ _ _ _ _ _ _ _ _ _ \npages/progress_bar.py:35: in wait_for_progress_bar_to_reach_75\n    self.wait.until(\n_ _ _ _ _ _ _ _ _ _ _ _ _ _ _ _ _ _ _ _ _ _ _ _ _ _ _ _ _ _ _ _ _ _ _ _ _ _ _ _ \n\nself = <selenium.webdriver.support.wait.WebDriverWait (session=\"2f3c2851254dcdf791121e7a1c66bad1\")>\nmethod = <function ProgressBarPage.wait_for_progress_bar_to_reach_75.<locals>.<lambda> at 0x104e29000>\nmessage = ''\n\n    def until(self, method: Callable[[D], Union[Literal[False], T]], message: str = \"\") -> T:\n        \"\"\"Calls the method provided with the driver as an argument until the \\\n        return value does not evaluate to ``False``.\n    \n        :param method: callable(WebDriver)\n        :param message: optional message for :exc:`TimeoutException`\n        :returns: the result of the last call to `method`\n        :raises: :exc:`selenium.common.exceptions.TimeoutException` if timeout occurs\n        \"\"\"\n        screen = None\n        stacktrace = None\n    \n        end_time = time.monotonic() + self._timeout\n        while True:\n            try:\n                value = method(self._driver)\n                if value:\n                    return value\n            except self._ignored_exceptions as exc:\n                screen = getattr(exc, \"screen\", None)\n                stacktrace = getattr(exc, \"stacktrace\", None)\n            if time.monotonic() > end_time:\n                break\n            time.sleep(self._poll)\n>       raise TimeoutException(message, screen, stacktrace)\nE       selenium.common.exceptions.TimeoutException: Message:\n\n.venv/lib/python3.10/site-packages/selenium/webdriver/support/wait.py:105: TimeoutException"}, "steps": [{"name": "Открыть страницу http://uitestingplayground.com/progressbar", "status": "passed", "start": 1735396854231, "stop": 1735396854909}, {"name": "Страница http://uitestingplayground.com/progressbar открыта", "status": "passed", "start": 1735396854909, "stop": 1735396855818}, {"name": "Нажать на кнопку 'Start'", "status": "passed", "start": 1735396855818, "stop": 1735396855859}, {"name": "Получить текущее значение индикатора выполнения", "status": "passed", "start": 1735396855859, "stop": 1735396855867}, {"name": "Ждать, пока индикатор выполнения достигнет 75%", "status": "broken", "statusDetails": {"message": "selenium.common.exceptions.TimeoutException: Message: \n\n", "trace": "  File \"/Users/ivanvoronov/PycharmProjects/pom_uitesting_playground/.venv/lib/python3.10/site-packages/allure_commons/_allure.py\", line 192, in impl\n    return func(*a, **kw)\n  File \"/Users/ivanvoronov/PycharmProjects/pom_uitesting_playground/pages/progress_bar.py\", line 35, in wait_for_progress_bar_to_reach_75\n    self.wait.until(\n  File \"/Users/ivanvoronov/PycharmProjects/pom_uitesting_playground/.venv/lib/python3.10/site-packages/selenium/webdriver/support/wait.py\", line 105, in until\n    raise TimeoutException(message, screen, stacktrace)\n"}, "steps": [{"name": "Получить текущее значение индикатора выполнения", "status": "passed", "start": 1735396855867, "stop": 1735396855873}, {"name": "Получить текущее значение индикатора выполнения", "status": "passed", "start": 1735396856879, "stop": 1735396856898}, {"name": "Получить текущее значение индикатора выполнения", "status": "passed", "start": 1735396857902, "stop": 1735396857925}, {"name": "Получить текущее значение индикатора выполнения", "status": "passed", "start": 1735396858928, "stop": 1735396858950}, {"name": "Получить текущее значение индикатора выполнения", "status": "passed", "start": 1735396859954, "stop": 1735396859976}, {"name": "Получить текущее значение индикатора выполнения", "status": "passed", "start": 1735396860981, "stop": 1735396861002}, {"name": "Получить текущее значение индикатора выполнения", "status": "passed", "start": 1735396862009, "stop": 1735396862026}, {"name": "Получить текущее значение индикатора выполнения", "status": "passed", "start": 1735396863030, "stop": 1735396863037}, {"name": "Получить текущее значение индикатора выполнения", "status": "passed", "start": 1735396864042, "stop": 1735396864049}, {"name": "Получить текущее значение индикатора выполнения", "status": "passed", "start": 1735396865052, "stop": 1735396865064}, {"name": "Получить текущее значение индикатора выполнения", "status": "passed", "start": 1735396866069, "stop": 1735396866087}, {"name": "Получить текущее значение индикатора выполнения", "status": "passed", "start": 1735396867092, "stop": 1735396867112}, {"name": "Получить текущее значение индикатора выполнения", "status": "passed", "start": 1735396868116, "stop": 1735396868133}, {"name": "Получить текущее значение индикатора выполнения", "status": "passed", "start": 1735396869139, "stop": 1735396869163}, {"name": "Получить текущее значение индикатора выполнения", "status": "passed", "start": 1735396870169, "stop": 1735396870176}, {"name": "Получить текущее значение индикатора выполнения", "status": "passed", "start": 1735396871181, "stop": 1735396871197}, {"name": "Получить текущее значение индикатора выполнения", "status": "passed", "start": 1735396872202, "stop": 1735396872228}], "start": 1735396855867, "stop": 1735396872228}], "attachments": [{"name": "Скриншот", "source": "bf6bbf7e-71dd-43fa-923a-94c1d5638a96-attachment.png", "type": "image/png"}], "start": 1735396854231, "stop": 1735396872229, "uuid": "a8f1dfbc-2a23-4249-b298-4e985ab21dbb", "historyId": "ca75a27916fee3f32a01df6c54749881", "testCaseId": "ca75a27916fee3f32a01df6c54749881", "fullName": "tests.test_features_ui_playground.TestFeaturesUiPlayground#test_progress_bar", "labels": [{"name": "severity", "value": "Minor"}, {"name": "feature", "value": "feature_ui_playground"}, {"name": "parentSuite", "value": "tests"}, {"name": "suite", "value": "test_features_ui_playground"}, {"name": "subSuite", "value": "TestFeaturesUiPlayground"}, {"name": "host", "value": "MacBook-Air-Ivan.local"}, {"name": "thread", "value": "34951-MainThread"}, {"name": "framework", "value": "pytest"}, {"name": "language", "value": "cpython3"}, {"name": "package", "value": "tests.test_features_ui_playground"}]}