{"name": "Progress Bar 75%", "status": "broken", "statusDetails": {"message": "selenium.common.exceptions.TimeoutException: Message:", "trace": "self = <tests.test_features_ui_playground.TestFeaturesUiPlayground object at 0x1061c9000>\n\n    @allure.title(\"Progress Bar 75%\")\n    @allure.severity(\"Minor\")\n    def test_progress_bar(self):\n        self.progress_bar_page.open()\n        self.progress_bar_page.is_opened()\n        self.progress_bar_page.click_button_start()\n        self.progress_bar_page.get_progress_bar_value()\n>       self.progress_bar_page.wait_for_progress_bar_to_reach_75()\n\ntests/test_features_ui_playground.py:36: \n_ _ _ _ _ _ _ _ _ _ _ _ _ _ _ _ _ _ _ _ _ _ _ _ _ _ _ _ _ _ _ _ _ _ _ _ _ _ _ _ \npages/progress_bar.py:35: in wait_for_progress_bar_to_reach_75\n    self.wait.until(\n_ _ _ _ _ _ _ _ _ _ _ _ _ _ _ _ _ _ _ _ _ _ _ _ _ _ _ _ _ _ _ _ _ _ _ _ _ _ _ _ \n\nself = <selenium.webdriver.support.wait.WebDriverWait (session=\"03f8c26e9e11d2b8b440f8dfd0682cbe\")>\nmethod = <function ProgressBarPage.wait_for_progress_bar_to_reach_75.<locals>.<lambda> at 0x105eabd90>\nmessage = ''\n\n    def until(self, method: Callable[[D], Union[Literal[False], T]], message: str = \"\") -> T:\n        \"\"\"Calls the method provided with the driver as an argument until the \\\n        return value does not evaluate to ``False``.\n    \n        :param method: callable(WebDriver)\n        :param message: optional message for :exc:`TimeoutException`\n        :returns: the result of the last call to `method`\n        :raises: :exc:`selenium.common.exceptions.TimeoutException` if timeout occurs\n        \"\"\"\n        screen = None\n        stacktrace = None\n    \n        end_time = time.monotonic() + self._timeout\n        while True:\n            try:\n                value = method(self._driver)\n                if value:\n                    return value\n            except self._ignored_exceptions as exc:\n                screen = getattr(exc, \"screen\", None)\n                stacktrace = getattr(exc, \"stacktrace\", None)\n            if time.monotonic() > end_time:\n                break\n            time.sleep(self._poll)\n>       raise TimeoutException(message, screen, stacktrace)\nE       selenium.common.exceptions.TimeoutException: Message:\n\n.venv/lib/python3.10/site-packages/selenium/webdriver/support/wait.py:105: TimeoutException"}, "steps": [{"name": "Открыть страницу http://uitestingplayground.com/progressbar", "status": "passed", "start": 1735396495182, "stop": 1735396496815}, {"name": "Страница http://uitestingplayground.com/progressbar открыта", "status": "passed", "start": 1735396496815, "stop": 1735396496821}, {"name": "Нажать на кнопку 'Start'", "status": "passed", "start": 1735396496821, "stop": 1735396496881}, {"name": "Получить текущее значение индикатора выполнения", "status": "passed", "start": 1735396496881, "stop": 1735396496974}, {"name": "Ждать, пока индикатор выполнения достигнет 75%", "status": "broken", "statusDetails": {"message": "selenium.common.exceptions.TimeoutException: Message: \n\n", "trace": "  File \"/Users/ivanvoronov/PycharmProjects/pom_uitesting_playground/.venv/lib/python3.10/site-packages/allure_commons/_allure.py\", line 192, in impl\n    return func(*a, **kw)\n  File \"/Users/ivanvoronov/PycharmProjects/pom_uitesting_playground/pages/progress_bar.py\", line 35, in wait_for_progress_bar_to_reach_75\n    self.wait.until(\n  File \"/Users/ivanvoronov/PycharmProjects/pom_uitesting_playground/.venv/lib/python3.10/site-packages/selenium/webdriver/support/wait.py\", line 105, in until\n    raise TimeoutException(message, screen, stacktrace)\n"}, "steps": [{"name": "Получить текущее значение индикатора выполнения", "status": "passed", "start": 1735396496974, "stop": 1735396496982}, {"name": "Получить текущее значение индикатора выполнения", "status": "passed", "start": 1735396497987, "stop": 1735396498278}, {"name": "Получить текущее значение индикатора выполнения", "status": "passed", "start": 1735396499281, "stop": 1735396499290}, {"name": "Получить текущее значение индикатора выполнения", "status": "passed", "start": 1735396500292, "stop": 1735396500301}, {"name": "Получить текущее значение индикатора выполнения", "status": "passed", "start": 1735396501303, "stop": 1735396501309}, {"name": "Получить текущее значение индикатора выполнения", "status": "passed", "start": 1735396502310, "stop": 1735396502316}, {"name": "Получить текущее значение индикатора выполнения", "status": "passed", "start": 1735396503318, "stop": 1735396503325}, {"name": "Получить текущее значение индикатора выполнения", "status": "passed", "start": 1735396504330, "stop": 1735396504337}, {"name": "Получить текущее значение индикатора выполнения", "status": "passed", "start": 1735396505342, "stop": 1735396505356}, {"name": "Получить текущее значение индикатора выполнения", "status": "passed", "start": 1735396506358, "stop": 1735396506364}, {"name": "Получить текущее значение индикатора выполнения", "status": "passed", "start": 1735396507369, "stop": 1735396507375}, {"name": "Получить текущее значение индикатора выполнения", "status": "passed", "start": 1735396508381, "stop": 1735396508389}, {"name": "Получить текущее значение индикатора выполнения", "status": "passed", "start": 1735396509393, "stop": 1735396509399}, {"name": "Получить текущее значение индикатора выполнения", "status": "passed", "start": 1735396510402, "stop": 1735396510414}, {"name": "Получить текущее значение индикатора выполнения", "status": "passed", "start": 1735396511418, "stop": 1735396511424}, {"name": "Получить текущее значение индикатора выполнения", "status": "passed", "start": 1735396512429, "stop": 1735396512436}, {"name": "Получить текущее значение индикатора выполнения", "status": "passed", "start": 1735396513441, "stop": 1735396513453}], "start": 1735396496974, "stop": 1735396513453}], "attachments": [{"name": "Скриншот", "source": "8afc6e1c-c6bb-4899-a48d-c87e31840c45-attachment.png", "type": "image/png"}], "start": 1735396495179, "stop": 1735396513455, "uuid": "422203c3-be16-478d-bcad-76b33ad8f662", "historyId": "ca75a27916fee3f32a01df6c54749881", "testCaseId": "ca75a27916fee3f32a01df6c54749881", "fullName": "tests.test_features_ui_playground.TestFeaturesUiPlayground#test_progress_bar", "labels": [{"name": "feature", "value": "feature_ui_playground"}, {"name": "severity", "value": "Minor"}, {"name": "parentSuite", "value": "tests"}, {"name": "suite", "value": "test_features_ui_playground"}, {"name": "subSuite", "value": "TestFeaturesUiPlayground"}, {"name": "host", "value": "MacBook-Air-Ivan.local"}, {"name": "thread", "value": "31047-MainThread"}, {"name": "framework", "value": "pytest"}, {"name": "language", "value": "cpython3"}, {"name": "package", "value": "tests.test_features_ui_playground"}]}