{"name": "Progress Bar 75%", "status": "broken", "statusDetails": {"message": "selenium.common.exceptions.TimeoutException: Message:", "trace": "self = <tests.test_features_ui_playground.TestFeaturesUiPlayground object at 0x104dd8f40>\n\n    @allure.title(\"Progress Bar 75%\")\n    @allure.severity(\"Minor\")\n    def test_progress_bar(self):\n        self.progress_bar_page.open()\n        self.progress_bar_page.is_opened()\n        self.progress_bar_page.click_button_start()\n        self.progress_bar_page.get_progress_bar_value()\n>       self.progress_bar_page.wait_for_progress_bar_to_reach_75()\n\ntests/test_features_ui_playground.py:36: \n_ _ _ _ _ _ _ _ _ _ _ _ _ _ _ _ _ _ _ _ _ _ _ _ _ _ _ _ _ _ _ _ _ _ _ _ _ _ _ _ \npages/progress_bar.py:35: in wait_for_progress_bar_to_reach_75\n    self.wait.until(\n_ _ _ _ _ _ _ _ _ _ _ _ _ _ _ _ _ _ _ _ _ _ _ _ _ _ _ _ _ _ _ _ _ _ _ _ _ _ _ _ \n\nself = <selenium.webdriver.support.wait.WebDriverWait (session=\"338eb3d314e5f76ffa4e2891566cd52b\")>\nmethod = <function ProgressBarPage.wait_for_progress_bar_to_reach_75.<locals>.<lambda> at 0x104e2be20>\nmessage = ''\n\n    def until(self, method: Callable[[D], Union[Literal[False], T]], message: str = \"\") -> T:\n        \"\"\"Calls the method provided with the driver as an argument until the \\\n        return value does not evaluate to ``False``.\n    \n        :param method: callable(WebDriver)\n        :param message: optional message for :exc:`TimeoutException`\n        :returns: the result of the last call to `method`\n        :raises: :exc:`selenium.common.exceptions.TimeoutException` if timeout occurs\n        \"\"\"\n        screen = None\n        stacktrace = None\n    \n        end_time = time.monotonic() + self._timeout\n        while True:\n            try:\n                value = method(self._driver)\n                if value:\n                    return value\n            except self._ignored_exceptions as exc:\n                screen = getattr(exc, \"screen\", None)\n                stacktrace = getattr(exc, \"stacktrace\", None)\n            if time.monotonic() > end_time:\n                break\n            time.sleep(self._poll)\n>       raise TimeoutException(message, screen, stacktrace)\nE       selenium.common.exceptions.TimeoutException: Message:\n\n.venv/lib/python3.10/site-packages/selenium/webdriver/support/wait.py:105: TimeoutException"}, "steps": [{"name": "Открыть страницу http://uitestingplayground.com/progressbar", "status": "passed", "start": 1735396834489, "stop": 1735396835713}, {"name": "Страница http://uitestingplayground.com/progressbar открыта", "status": "passed", "start": 1735396835713, "stop": 1735396835717}, {"name": "Нажать на кнопку 'Start'", "status": "passed", "start": 1735396835717, "stop": 1735396835768}, {"name": "Получить текущее значение индикатора выполнения", "status": "passed", "start": 1735396835768, "stop": 1735396835780}, {"name": "Ждать, пока индикатор выполнения достигнет 75%", "status": "broken", "statusDetails": {"message": "selenium.common.exceptions.TimeoutException: Message: \n\n", "trace": "  File \"/Users/ivanvoronov/PycharmProjects/pom_uitesting_playground/.venv/lib/python3.10/site-packages/allure_commons/_allure.py\", line 192, in impl\n    return func(*a, **kw)\n  File \"/Users/ivanvoronov/PycharmProjects/pom_uitesting_playground/pages/progress_bar.py\", line 35, in wait_for_progress_bar_to_reach_75\n    self.wait.until(\n  File \"/Users/ivanvoronov/PycharmProjects/pom_uitesting_playground/.venv/lib/python3.10/site-packages/selenium/webdriver/support/wait.py\", line 105, in until\n    raise TimeoutException(message, screen, stacktrace)\n"}, "steps": [{"name": "Получить текущее значение индикатора выполнения", "status": "passed", "start": 1735396835780, "stop": 1735396835787}, {"name": "Получить текущее значение индикатора выполнения", "status": "passed", "start": 1735396836792, "stop": 1735396836799}, {"name": "Получить текущее значение индикатора выполнения", "status": "passed", "start": 1735396837804, "stop": 1735396837812}, {"name": "Получить текущее значение индикатора выполнения", "status": "passed", "start": 1735396838817, "stop": 1735396838823}, {"name": "Получить текущее значение индикатора выполнения", "status": "passed", "start": 1735396839825, "stop": 1735396839832}, {"name": "Получить текущее значение индикатора выполнения", "status": "passed", "start": 1735396840837, "stop": 1735396840843}, {"name": "Получить текущее значение индикатора выполнения", "status": "passed", "start": 1735396841848, "stop": 1735396841870}, {"name": "Получить текущее значение индикатора выполнения", "status": "passed", "start": 1735396842877, "stop": 1735396842900}, {"name": "Получить текущее значение индикатора выполнения", "status": "passed", "start": 1735396843905, "stop": 1735396843912}, {"name": "Получить текущее значение индикатора выполнения", "status": "passed", "start": 1735396844915, "stop": 1735396844922}, {"name": "Получить текущее значение индикатора выполнения", "status": "passed", "start": 1735396845927, "stop": 1735396845934}, {"name": "Получить текущее значение индикатора выполнения", "status": "passed", "start": 1735396846939, "stop": 1735396846962}, {"name": "Получить текущее значение индикатора выполнения", "status": "passed", "start": 1735396847966, "stop": 1735396847987}, {"name": "Получить текущее значение индикатора выполнения", "status": "passed", "start": 1735396848992, "stop": 1735396849014}, {"name": "Получить текущее значение индикатора выполнения", "status": "passed", "start": 1735396850020, "stop": 1735396850040}, {"name": "Получить текущее значение индикатора выполнения", "status": "passed", "start": 1735396851045, "stop": 1735396851066}, {"name": "Получить текущее значение индикатора выполнения", "status": "passed", "start": 1735396852072, "stop": 1735396852094}], "start": 1735396835780, "stop": 1735396852094}], "attachments": [{"name": "Скриншот", "source": "6bcb6fa7-0729-4b20-88d7-f9d2f3656c38-attachment.png", "type": "image/png"}], "start": 1735396834489, "stop": 1735396852096, "uuid": "b93356cd-879a-4bfe-877f-a4f1198be4b0", "historyId": "ca75a27916fee3f32a01df6c54749881", "testCaseId": "ca75a27916fee3f32a01df6c54749881", "fullName": "tests.test_features_ui_playground.TestFeaturesUiPlayground#test_progress_bar", "labels": [{"name": "severity", "value": "Minor"}, {"name": "feature", "value": "feature_ui_playground"}, {"name": "parentSuite", "value": "tests"}, {"name": "suite", "value": "test_features_ui_playground"}, {"name": "subSuite", "value": "TestFeaturesUiPlayground"}, {"name": "host", "value": "MacBook-Air-Ivan.local"}, {"name": "thread", "value": "34951-MainThread"}, {"name": "framework", "value": "pytest"}, {"name": "language", "value": "cpython3"}, {"name": "package", "value": "tests.test_features_ui_playground"}]}