{"name": "Progress Bar 75%", "status": "broken", "statusDetails": {"message": "selenium.common.exceptions.TimeoutException: Message:", "trace": "self = <tests.test_features_ui_playground.TestFeaturesUiPlayground object at 0x1108b0e80>\n\n    @allure.title(\"Progress Bar 75%\")\n    @allure.severity(\"Minor\")\n    def test_progress_bar(self):\n        self.progress_bar_page.open()\n        self.progress_bar_page.is_opened()\n        self.progress_bar_page.click_button_start()\n        self.progress_bar_page.get_progress_bar_value()\n>       self.progress_bar_page.wait_for_progress_bar_to_reach_75()\n\ntests/test_features_ui_playground.py:36: \n_ _ _ _ _ _ _ _ _ _ _ _ _ _ _ _ _ _ _ _ _ _ _ _ _ _ _ _ _ _ _ _ _ _ _ _ _ _ _ _ \npages/progress_bar.py:35: in wait_for_progress_bar_to_reach_75\n    self.wait.until(\n_ _ _ _ _ _ _ _ _ _ _ _ _ _ _ _ _ _ _ _ _ _ _ _ _ _ _ _ _ _ _ _ _ _ _ _ _ _ _ _ \n\nself = <selenium.webdriver.support.wait.WebDriverWait (session=\"7f0c791020ce630936262f894337eabe\")>\nmethod = <function ProgressBarPage.wait_for_progress_bar_to_reach_75.<locals>.<lambda> at 0x1105d3d90>\nmessage = ''\n\n    def until(self, method: Callable[[D], Union[Literal[False], T]], message: str = \"\") -> T:\n        \"\"\"Calls the method provided with the driver as an argument until the \\\n        return value does not evaluate to ``False``.\n    \n        :param method: callable(WebDriver)\n        :param message: optional message for :exc:`TimeoutException`\n        :returns: the result of the last call to `method`\n        :raises: :exc:`selenium.common.exceptions.TimeoutException` if timeout occurs\n        \"\"\"\n        screen = None\n        stacktrace = None\n    \n        end_time = time.monotonic() + self._timeout\n        while True:\n            try:\n                value = method(self._driver)\n                if value:\n                    return value\n            except self._ignored_exceptions as exc:\n                screen = getattr(exc, \"screen\", None)\n                stacktrace = getattr(exc, \"stacktrace\", None)\n            if time.monotonic() > end_time:\n                break\n            time.sleep(self._poll)\n>       raise TimeoutException(message, screen, stacktrace)\nE       selenium.common.exceptions.TimeoutException: Message:\n\n.venv/lib/python3.10/site-packages/selenium/webdriver/support/wait.py:105: TimeoutException"}, "steps": [{"name": "Открыть страницу http://uitestingplayground.com/progressbar", "status": "passed", "start": 1735396541779, "stop": 1735396543393}, {"name": "Страница http://uitestingplayground.com/progressbar открыта", "status": "passed", "start": 1735396543394, "stop": 1735396543398}, {"name": "Нажать на кнопку 'Start'", "status": "passed", "start": 1735396543398, "stop": 1735396543463}, {"name": "Получить текущее значение индикатора выполнения", "status": "passed", "start": 1735396543463, "stop": 1735396543561}, {"name": "Ждать, пока индикатор выполнения достигнет 75%", "status": "broken", "statusDetails": {"message": "selenium.common.exceptions.TimeoutException: Message: \n\n", "trace": "  File \"/Users/ivanvoronov/PycharmProjects/pom_uitesting_playground/.venv/lib/python3.10/site-packages/allure_commons/_allure.py\", line 192, in impl\n    return func(*a, **kw)\n  File \"/Users/ivanvoronov/PycharmProjects/pom_uitesting_playground/pages/progress_bar.py\", line 35, in wait_for_progress_bar_to_reach_75\n    self.wait.until(\n  File \"/Users/ivanvoronov/PycharmProjects/pom_uitesting_playground/.venv/lib/python3.10/site-packages/selenium/webdriver/support/wait.py\", line 105, in until\n    raise TimeoutException(message, screen, stacktrace)\n"}, "steps": [{"name": "Получить текущее значение индикатора выполнения", "status": "passed", "start": 1735396543561, "stop": 1735396543571}, {"name": "Получить текущее значение индикатора выполнения", "status": "passed", "start": 1735396544576, "stop": 1735396544793}, {"name": "Получить текущее значение индикатора выполнения", "status": "passed", "start": 1735396545798, "stop": 1735396545805}, {"name": "Получить текущее значение индикатора выполнения", "status": "passed", "start": 1735396546808, "stop": 1735396546816}, {"name": "Получить текущее значение индикатора выполнения", "status": "passed", "start": 1735396547819, "stop": 1735396547825}, {"name": "Получить текущее значение индикатора выполнения", "status": "passed", "start": 1735396548830, "stop": 1735396548837}, {"name": "Получить текущее значение индикатора выполнения", "status": "passed", "start": 1735396549842, "stop": 1735396549848}, {"name": "Получить текущее значение индикатора выполнения", "status": "passed", "start": 1735396550853, "stop": 1735396550861}, {"name": "Получить текущее значение индикатора выполнения", "status": "passed", "start": 1735396551866, "stop": 1735396551875}, {"name": "Получить текущее значение индикатора выполнения", "status": "passed", "start": 1735396552876, "stop": 1735396552885}, {"name": "Получить текущее значение индикатора выполнения", "status": "passed", "start": 1735396553890, "stop": 1735396553895}, {"name": "Получить текущее значение индикатора выполнения", "status": "passed", "start": 1735396554901, "stop": 1735396554906}, {"name": "Получить текущее значение индикатора выполнения", "status": "passed", "start": 1735396555907, "stop": 1735396555912}, {"name": "Получить текущее значение индикатора выполнения", "status": "passed", "start": 1735396556915, "stop": 1735396556921}, {"name": "Получить текущее значение индикатора выполнения", "status": "passed", "start": 1735396557925, "stop": 1735396557933}, {"name": "Получить текущее значение индикатора выполнения", "status": "passed", "start": 1735396558935, "stop": 1735396558941}, {"name": "Получить текущее значение индикатора выполнения", "status": "passed", "start": 1735396559946, "stop": 1735396559955}], "start": 1735396543561, "stop": 1735396559956}], "attachments": [{"name": "Скриншот", "source": "1a30a058-ddd2-457c-882b-fbacbe9fad34-attachment.png", "type": "image/png"}], "start": 1735396541776, "stop": 1735396559966, "uuid": "0bd969fb-f899-490b-92d7-fea353530c89", "historyId": "ca75a27916fee3f32a01df6c54749881", "testCaseId": "ca75a27916fee3f32a01df6c54749881", "fullName": "tests.test_features_ui_playground.TestFeaturesUiPlayground#test_progress_bar", "labels": [{"name": "feature", "value": "feature_ui_playground"}, {"name": "severity", "value": "Minor"}, {"name": "parentSuite", "value": "tests"}, {"name": "suite", "value": "test_features_ui_playground"}, {"name": "subSuite", "value": "TestFeaturesUiPlayground"}, {"name": "host", "value": "MacBook-Air-Ivan.local"}, {"name": "thread", "value": "31724-MainThread"}, {"name": "framework", "value": "pytest"}, {"name": "language", "value": "cpython3"}, {"name": "package", "value": "tests.test_features_ui_playground"}]}