{"name": "Progress Bar 75%", "status": "broken", "statusDetails": {"message": "selenium.common.exceptions.TimeoutException: Message:", "trace": "self = <tests.test_features_ui_playground.TestFeaturesUiPlayground object at 0x1062e8f10>\n\n    @allure.title(\"Progress Bar 75%\")\n    @allure.severity(\"Minor\")\n    def test_progress_bar(self):\n        self.progress_bar_page.open()\n        self.progress_bar_page.is_opened()\n        self.progress_bar_page.click_button_start()\n        self.progress_bar_page.get_progress_bar_value()\n>       self.progress_bar_page.wait_for_progress_bar_to_reach_75()\n\ntests/test_features_ui_playground.py:36: \n_ _ _ _ _ _ _ _ _ _ _ _ _ _ _ _ _ _ _ _ _ _ _ _ _ _ _ _ _ _ _ _ _ _ _ _ _ _ _ _ \npages/progress_bar.py:35: in wait_for_progress_bar_to_reach_75\n    self.wait.until(\n_ _ _ _ _ _ _ _ _ _ _ _ _ _ _ _ _ _ _ _ _ _ _ _ _ _ _ _ _ _ _ _ _ _ _ _ _ _ _ _ \n\nself = <selenium.webdriver.support.wait.WebDriverWait (session=\"3f416ca385381b2f0b1a4da4950597f6\")>\nmethod = <function ProgressBarPage.wait_for_progress_bar_to_reach_75.<locals>.<lambda> at 0x106338f70>\nmessage = ''\n\n    def until(self, method: Callable[[D], Union[Literal[False], T]], message: str = \"\") -> T:\n        \"\"\"Calls the method provided with the driver as an argument until the \\\n        return value does not evaluate to ``False``.\n    \n        :param method: callable(WebDriver)\n        :param message: optional message for :exc:`TimeoutException`\n        :returns: the result of the last call to `method`\n        :raises: :exc:`selenium.common.exceptions.TimeoutException` if timeout occurs\n        \"\"\"\n        screen = None\n        stacktrace = None\n    \n        end_time = time.monotonic() + self._timeout\n        while True:\n            try:\n                value = method(self._driver)\n                if value:\n                    return value\n            except self._ignored_exceptions as exc:\n                screen = getattr(exc, \"screen\", None)\n                stacktrace = getattr(exc, \"stacktrace\", None)\n            if time.monotonic() > end_time:\n                break\n            time.sleep(self._poll)\n>       raise TimeoutException(message, screen, stacktrace)\nE       selenium.common.exceptions.TimeoutException: Message:\n\n.venv/lib/python3.10/site-packages/selenium/webdriver/support/wait.py:105: TimeoutException"}, "steps": [{"name": "Открыть страницу http://uitestingplayground.com/progressbar", "status": "passed", "start": 1735396028363, "stop": 1735396029736}, {"name": "Страница http://uitestingplayground.com/progressbar открыта", "status": "passed", "start": 1735396029736, "stop": 1735396029739}, {"name": "Нажать на кнопку 'Start'", "status": "passed", "start": 1735396029740, "stop": 1735396029781}, {"name": "Получить текущее значение индикатора выполнения", "status": "passed", "start": 1735396029781, "stop": 1735396029789}, {"name": "Ждать, пока индикатор выполнения достигнет 75%", "status": "broken", "statusDetails": {"message": "selenium.common.exceptions.TimeoutException: Message: \n\n", "trace": "  File \"/Users/ivanvoronov/PycharmProjects/pom_uitesting_playground/.venv/lib/python3.10/site-packages/allure_commons/_allure.py\", line 192, in impl\n    return func(*a, **kw)\n  File \"/Users/ivanvoronov/PycharmProjects/pom_uitesting_playground/pages/progress_bar.py\", line 35, in wait_for_progress_bar_to_reach_75\n    self.wait.until(\n  File \"/Users/ivanvoronov/PycharmProjects/pom_uitesting_playground/.venv/lib/python3.10/site-packages/selenium/webdriver/support/wait.py\", line 105, in until\n    raise TimeoutException(message, screen, stacktrace)\n"}, "steps": [{"name": "Получить текущее значение индикатора выполнения", "status": "passed", "start": 1735396029789, "stop": 1735396029794}, {"name": "Получить текущее значение индикатора выполнения", "status": "passed", "start": 1735396030800, "stop": 1735396030825}, {"name": "Получить текущее значение индикатора выполнения", "status": "passed", "start": 1735396031825, "stop": 1735396031847}, {"name": "Получить текущее значение индикатора выполнения", "status": "passed", "start": 1735396032850, "stop": 1735396032863}, {"name": "Получить текущее значение индикатора выполнения", "status": "passed", "start": 1735396033868, "stop": 1735396033875}, {"name": "Получить текущее значение индикатора выполнения", "status": "passed", "start": 1735396034881, "stop": 1735396034903}, {"name": "Получить текущее значение индикатора выполнения", "status": "passed", "start": 1735396035909, "stop": 1735396035933}, {"name": "Получить текущее значение индикатора выполнения", "status": "passed", "start": 1735396036956, "stop": 1735396036998}, {"name": "Получить текущее значение индикатора выполнения", "status": "passed", "start": 1735396038003, "stop": 1735396038069}, {"name": "Получить текущее значение индикатора выполнения", "status": "passed", "start": 1735396039076, "stop": 1735396039097}, {"name": "Получить текущее значение индикатора выполнения", "status": "passed", "start": 1735396040103, "stop": 1735396040121}, {"name": "Получить текущее значение индикатора выполнения", "status": "passed", "start": 1735396041123, "stop": 1735396041144}, {"name": "Получить текущее значение индикатора выполнения", "status": "passed", "start": 1735396042149, "stop": 1735396042166}, {"name": "Получить текущее значение индикатора выполнения", "status": "passed", "start": 1735396043171, "stop": 1735396043178}, {"name": "Получить текущее значение индикатора выполнения", "status": "passed", "start": 1735396044184, "stop": 1735396044200}, {"name": "Получить текущее значение индикатора выполнения", "status": "passed", "start": 1735396045206, "stop": 1735396045226}, {"name": "Получить текущее значение индикатора выполнения", "status": "passed", "start": 1735396046230, "stop": 1735396046251}], "start": 1735396029789, "stop": 1735396046251}], "attachments": [{"name": "Скриншот", "source": "1e4440de-a5a5-4c43-a368-700acd01d6f5-attachment.png", "type": "image/png"}], "start": 1735396028363, "stop": 1735396046252, "uuid": "9c4d1528-35ad-4afb-a7fe-f8895b58b6a1", "historyId": "ca75a27916fee3f32a01df6c54749881", "testCaseId": "ca75a27916fee3f32a01df6c54749881", "fullName": "tests.test_features_ui_playground.TestFeaturesUiPlayground#test_progress_bar", "labels": [{"name": "severity", "value": "Minor"}, {"name": "feature", "value": "feature_ui_playground"}, {"name": "parentSuite", "value": "tests"}, {"name": "suite", "value": "test_features_ui_playground"}, {"name": "subSuite", "value": "TestFeaturesUiPlayground"}, {"name": "host", "value": "MacBook-Air-Ivan.local"}, {"name": "thread", "value": "27701-MainThread"}, {"name": "framework", "value": "pytest"}, {"name": "language", "value": "cpython3"}, {"name": "package", "value": "tests.test_features_ui_playground"}]}