{"name": "Progress Bar 75%", "status": "broken", "statusDetails": {"message": "selenium.common.exceptions.TimeoutException: Message:", "trace": "self = <tests.test_features_ui_playground.TestFeaturesUiPlayground object at 0x1062e8f10>\n\n    @allure.title(\"Progress Bar 75%\")\n    @allure.severity(\"Minor\")\n    def test_progress_bar(self):\n        self.progress_bar_page.open()\n        self.progress_bar_page.is_opened()\n        self.progress_bar_page.click_button_start()\n        self.progress_bar_page.get_progress_bar_value()\n>       self.progress_bar_page.wait_for_progress_bar_to_reach_75()\n\ntests/test_features_ui_playground.py:36: \n_ _ _ _ _ _ _ _ _ _ _ _ _ _ _ _ _ _ _ _ _ _ _ _ _ _ _ _ _ _ _ _ _ _ _ _ _ _ _ _ \npages/progress_bar.py:35: in wait_for_progress_bar_to_reach_75\n    self.wait.until(\n_ _ _ _ _ _ _ _ _ _ _ _ _ _ _ _ _ _ _ _ _ _ _ _ _ _ _ _ _ _ _ _ _ _ _ _ _ _ _ _ \n\nself = <selenium.webdriver.support.wait.WebDriverWait (session=\"1f99af27df4c80c12e3c6c528ab473e9\")>\nmethod = <function ProgressBarPage.wait_for_progress_bar_to_reach_75.<locals>.<lambda> at 0x10600fd90>\nmessage = ''\n\n    def until(self, method: Callable[[D], Union[Literal[False], T]], message: str = \"\") -> T:\n        \"\"\"Calls the method provided with the driver as an argument until the \\\n        return value does not evaluate to ``False``.\n    \n        :param method: callable(WebDriver)\n        :param message: optional message for :exc:`TimeoutException`\n        :returns: the result of the last call to `method`\n        :raises: :exc:`selenium.common.exceptions.TimeoutException` if timeout occurs\n        \"\"\"\n        screen = None\n        stacktrace = None\n    \n        end_time = time.monotonic() + self._timeout\n        while True:\n            try:\n                value = method(self._driver)\n                if value:\n                    return value\n            except self._ignored_exceptions as exc:\n                screen = getattr(exc, \"screen\", None)\n                stacktrace = getattr(exc, \"stacktrace\", None)\n            if time.monotonic() > end_time:\n                break\n            time.sleep(self._poll)\n>       raise TimeoutException(message, screen, stacktrace)\nE       selenium.common.exceptions.TimeoutException: Message:\n\n.venv/lib/python3.10/site-packages/selenium/webdriver/support/wait.py:105: TimeoutException"}, "steps": [{"name": "Открыть страницу http://uitestingplayground.com/progressbar", "status": "passed", "start": 1735395987771, "stop": 1735395989790}, {"name": "Страница http://uitestingplayground.com/progressbar открыта", "status": "passed", "start": 1735395989790, "stop": 1735395989794}, {"name": "Нажать на кнопку 'Start'", "status": "passed", "start": 1735395989794, "stop": 1735395989855}, {"name": "Получить текущее значение индикатора выполнения", "status": "passed", "start": 1735395989855, "stop": 1735395989867}, {"name": "Ждать, пока индикатор выполнения достигнет 75%", "status": "broken", "statusDetails": {"message": "selenium.common.exceptions.TimeoutException: Message: \n\n", "trace": "  File \"/Users/ivanvoronov/PycharmProjects/pom_uitesting_playground/.venv/lib/python3.10/site-packages/allure_commons/_allure.py\", line 192, in impl\n    return func(*a, **kw)\n  File \"/Users/ivanvoronov/PycharmProjects/pom_uitesting_playground/pages/progress_bar.py\", line 35, in wait_for_progress_bar_to_reach_75\n    self.wait.until(\n  File \"/Users/ivanvoronov/PycharmProjects/pom_uitesting_playground/.venv/lib/python3.10/site-packages/selenium/webdriver/support/wait.py\", line 105, in until\n    raise TimeoutException(message, screen, stacktrace)\n"}, "steps": [{"name": "Получить текущее значение индикатора выполнения", "status": "passed", "start": 1735395989867, "stop": 1735395989877}, {"name": "Получить текущее значение индикатора выполнения", "status": "passed", "start": 1735395990880, "stop": 1735395990889}, {"name": "Получить текущее значение индикатора выполнения", "status": "passed", "start": 1735395991891, "stop": 1735395991897}, {"name": "Получить текущее значение индикатора выполнения", "status": "passed", "start": 1735395992902, "stop": 1735395992909}, {"name": "Получить текущее значение индикатора выполнения", "status": "passed", "start": 1735395993913, "stop": 1735395993920}, {"name": "Получить текущее значение индикатора выполнения", "status": "passed", "start": 1735395994925, "stop": 1735395994932}, {"name": "Получить текущее значение индикатора выполнения", "status": "passed", "start": 1735395995936, "stop": 1735395995942}, {"name": "Получить текущее значение индикатора выполнения", "status": "passed", "start": 1735395996947, "stop": 1735395996955}, {"name": "Получить текущее значение индикатора выполнения", "status": "passed", "start": 1735395997956, "stop": 1735395997962}, {"name": "Получить текущее значение индикатора выполнения", "status": "passed", "start": 1735395998963, "stop": 1735395998973}, {"name": "Получить текущее значение индикатора выполнения", "status": "passed", "start": 1735395999976, "stop": 1735395999983}, {"name": "Получить текущее значение индикатора выполнения", "status": "passed", "start": 1735396000985, "stop": 1735396000992}, {"name": "Получить текущее значение индикатора выполнения", "status": "passed", "start": 1735396001993, "stop": 1735396002005}, {"name": "Получить текущее значение индикатора выполнения", "status": "passed", "start": 1735396003010, "stop": 1735396003016}, {"name": "Получить текущее значение индикатора выполнения", "status": "passed", "start": 1735396004019, "stop": 1735396004025}, {"name": "Получить текущее значение индикатора выполнения", "status": "passed", "start": 1735396005030, "stop": 1735396005036}, {"name": "Получить текущее значение индикатора выполнения", "status": "passed", "start": 1735396006037, "stop": 1735396006044}], "start": 1735395989867, "stop": 1735396006044}], "attachments": [{"name": "Скриншот", "source": "a020443d-29c6-4acd-bebe-c14ae09e9d49-attachment.png", "type": "image/png"}], "start": 1735395987769, "stop": 1735396006046, "uuid": "bbc6132c-516a-4a0b-a609-5ecfa3b4b917", "historyId": "ca75a27916fee3f32a01df6c54749881", "testCaseId": "ca75a27916fee3f32a01df6c54749881", "fullName": "tests.test_features_ui_playground.TestFeaturesUiPlayground#test_progress_bar", "labels": [{"name": "severity", "value": "Minor"}, {"name": "feature", "value": "feature_ui_playground"}, {"name": "parentSuite", "value": "tests"}, {"name": "suite", "value": "test_features_ui_playground"}, {"name": "subSuite", "value": "TestFeaturesUiPlayground"}, {"name": "host", "value": "MacBook-Air-Ivan.local"}, {"name": "thread", "value": "27701-MainThread"}, {"name": "framework", "value": "pytest"}, {"name": "language", "value": "cpython3"}, {"name": "package", "value": "tests.test_features_ui_playground"}]}