{"name": "Progress Bar 75%", "status": "broken", "statusDetails": {"message": "selenium.common.exceptions.TimeoutException: Message:", "trace": "self = <tests.test_features_ui_playground.TestFeaturesUiPlayground object at 0x103988fd0>\n\n    @allure.title(\"Progress Bar 75%\")\n    @allure.severity(\"Minor\")\n    def test_progress_bar(self):\n        self.progress_bar_page.open()\n        self.progress_bar_page.is_opened()\n        self.progress_bar_page.click_button_start()\n        self.progress_bar_page.get_progress_bar_value()\n>       self.progress_bar_page.wait_for_progress_bar_to_reach_75()\n\ntests/test_features_ui_playground.py:36: \n_ _ _ _ _ _ _ _ _ _ _ _ _ _ _ _ _ _ _ _ _ _ _ _ _ _ _ _ _ _ _ _ _ _ _ _ _ _ _ _ \npages/progress_bar.py:35: in wait_for_progress_bar_to_reach_75\n    self.wait.until(\n_ _ _ _ _ _ _ _ _ _ _ _ _ _ _ _ _ _ _ _ _ _ _ _ _ _ _ _ _ _ _ _ _ _ _ _ _ _ _ _ \n\nself = <selenium.webdriver.support.wait.WebDriverWait (session=\"6a9ca991f260b765601bf5998894f333\")>\nmethod = <function ProgressBarPage.wait_for_progress_bar_to_reach_75.<locals>.<lambda> at 0x1039dbe20>\nmessage = ''\n\n    def until(self, method: Callable[[D], Union[Literal[False], T]], message: str = \"\") -> T:\n        \"\"\"Calls the method provided with the driver as an argument until the \\\n        return value does not evaluate to ``False``.\n    \n        :param method: callable(WebDriver)\n        :param message: optional message for :exc:`TimeoutException`\n        :returns: the result of the last call to `method`\n        :raises: :exc:`selenium.common.exceptions.TimeoutException` if timeout occurs\n        \"\"\"\n        screen = None\n        stacktrace = None\n    \n        end_time = time.monotonic() + self._timeout\n        while True:\n            try:\n                value = method(self._driver)\n                if value:\n                    return value\n            except self._ignored_exceptions as exc:\n                screen = getattr(exc, \"screen\", None)\n                stacktrace = getattr(exc, \"stacktrace\", None)\n            if time.monotonic() > end_time:\n                break\n            time.sleep(self._poll)\n>       raise TimeoutException(message, screen, stacktrace)\nE       selenium.common.exceptions.TimeoutException: Message:\n\n.venv/lib/python3.10/site-packages/selenium/webdriver/support/wait.py:105: TimeoutException"}, "steps": [{"name": "Открыть страницу http://uitestingplayground.com/progressbar", "status": "passed", "start": 1735396327902, "stop": 1735396328581}, {"name": "Страница http://uitestingplayground.com/progressbar открыта", "status": "passed", "start": 1735396328584, "stop": 1735396329783}, {"name": "Нажать на кнопку 'Start'", "status": "passed", "start": 1735396329783, "stop": 1735396329843}, {"name": "Получить текущее значение индикатора выполнения", "status": "passed", "start": 1735396329843, "stop": 1735396329852}, {"name": "Ждать, пока индикатор выполнения достигнет 75%", "status": "broken", "statusDetails": {"message": "selenium.common.exceptions.TimeoutException: Message: \n\n", "trace": "  File \"/Users/ivanvoronov/PycharmProjects/pom_uitesting_playground/.venv/lib/python3.10/site-packages/allure_commons/_allure.py\", line 192, in impl\n    return func(*a, **kw)\n  File \"/Users/ivanvoronov/PycharmProjects/pom_uitesting_playground/pages/progress_bar.py\", line 35, in wait_for_progress_bar_to_reach_75\n    self.wait.until(\n  File \"/Users/ivanvoronov/PycharmProjects/pom_uitesting_playground/.venv/lib/python3.10/site-packages/selenium/webdriver/support/wait.py\", line 105, in until\n    raise TimeoutException(message, screen, stacktrace)\n"}, "steps": [{"name": "Получить текущее значение индикатора выполнения", "status": "passed", "start": 1735396329852, "stop": 1735396329858}, {"name": "Получить текущее значение индикатора выполнения", "status": "passed", "start": 1735396330863, "stop": 1735396330875}, {"name": "Получить текущее значение индикатора выполнения", "status": "passed", "start": 1735396331881, "stop": 1735396331900}, {"name": "Получить текущее значение индикатора выполнения", "status": "passed", "start": 1735396332905, "stop": 1735396332927}, {"name": "Получить текущее значение индикатора выполнения", "status": "passed", "start": 1735396333933, "stop": 1735396333953}, {"name": "Получить текущее значение индикатора выполнения", "status": "passed", "start": 1735396334957, "stop": 1735396334982}, {"name": "Получить текущее значение индикатора выполнения", "status": "passed", "start": 1735396335986, "stop": 1735396336009}, {"name": "Получить текущее значение индикатора выполнения", "status": "passed", "start": 1735396337012, "stop": 1735396337021}, {"name": "Получить текущее значение индикатора выполнения", "status": "passed", "start": 1735396338026, "stop": 1735396338049}, {"name": "Получить текущее значение индикатора выполнения", "status": "passed", "start": 1735396339054, "stop": 1735396339061}, {"name": "Получить текущее значение индикатора выполнения", "status": "passed", "start": 1735396340067, "stop": 1735396340085}, {"name": "Получить текущее значение индикатора выполнения", "status": "passed", "start": 1735396341089, "stop": 1735396341111}, {"name": "Получить текущее значение индикатора выполнения", "status": "passed", "start": 1735396342117, "stop": 1735396342136}, {"name": "Получить текущее значение индикатора выполнения", "status": "passed", "start": 1735396343141, "stop": 1735396343161}, {"name": "Получить текущее значение индикатора выполнения", "status": "passed", "start": 1735396344167, "stop": 1735396344189}, {"name": "Получить текущее значение индикатора выполнения", "status": "passed", "start": 1735396345195, "stop": 1735396345217}, {"name": "Получить текущее значение индикатора выполнения", "status": "passed", "start": 1735396346222, "stop": 1735396346242}], "start": 1735396329852, "stop": 1735396346242}], "attachments": [{"name": "Скриншот", "source": "7e53b559-917d-45f0-a112-9c8c659593cb-attachment.png", "type": "image/png"}], "start": 1735396327901, "stop": 1735396346244, "uuid": "e480ecf1-e461-48d5-810d-7278a09f07a7", "historyId": "ca75a27916fee3f32a01df6c54749881", "testCaseId": "ca75a27916fee3f32a01df6c54749881", "fullName": "tests.test_features_ui_playground.TestFeaturesUiPlayground#test_progress_bar", "labels": [{"name": "feature", "value": "feature_ui_playground"}, {"name": "severity", "value": "Minor"}, {"name": "parentSuite", "value": "tests"}, {"name": "suite", "value": "test_features_ui_playground"}, {"name": "subSuite", "value": "TestFeaturesUiPlayground"}, {"name": "host", "value": "MacBook-Air-Ivan.local"}, {"name": "thread", "value": "29990-MainThread"}, {"name": "framework", "value": "pytest"}, {"name": "language", "value": "cpython3"}, {"name": "package", "value": "tests.test_features_ui_playground"}]}