{"name": "Progress Bar 75%", "status": "broken", "statusDetails": {"message": "selenium.common.exceptions.TimeoutException: Message:", "trace": "self = <tests.test_features_ui_playground.TestFeaturesUiPlayground object at 0x110489030>\n\n    @allure.title(\"Progress Bar 75%\")\n    @allure.severity(\"Minor\")\n    def test_progress_bar(self):\n        self.progress_bar_page.open()\n        self.progress_bar_page.is_opened()\n        self.progress_bar_page.click_button_start()\n        self.progress_bar_page.get_progress_bar_value()\n>       self.progress_bar_page.wait_for_progress_bar_to_reach_75()\n\ntests/test_features_ui_playground.py:36: \n_ _ _ _ _ _ _ _ _ _ _ _ _ _ _ _ _ _ _ _ _ _ _ _ _ _ _ _ _ _ _ _ _ _ _ _ _ _ _ _ \npages/progress_bar.py:35: in wait_for_progress_bar_to_reach_75\n    self.wait.until(\n_ _ _ _ _ _ _ _ _ _ _ _ _ _ _ _ _ _ _ _ _ _ _ _ _ _ _ _ _ _ _ _ _ _ _ _ _ _ _ _ \n\nself = <selenium.webdriver.support.wait.WebDriverWait (session=\"963d4a92a8aa653a59984a925f9587e2\")>\nmethod = <function ProgressBarPage.wait_for_progress_bar_to_reach_75.<locals>.<lambda> at 0x1104d9000>\nmessage = ''\n\n    def until(self, method: Callable[[D], Union[Literal[False], T]], message: str = \"\") -> T:\n        \"\"\"Calls the method provided with the driver as an argument until the \\\n        return value does not evaluate to ``False``.\n    \n        :param method: callable(WebDriver)\n        :param message: optional message for :exc:`TimeoutException`\n        :returns: the result of the last call to `method`\n        :raises: :exc:`selenium.common.exceptions.TimeoutException` if timeout occurs\n        \"\"\"\n        screen = None\n        stacktrace = None\n    \n        end_time = time.monotonic() + self._timeout\n        while True:\n            try:\n                value = method(self._driver)\n                if value:\n                    return value\n            except self._ignored_exceptions as exc:\n                screen = getattr(exc, \"screen\", None)\n                stacktrace = getattr(exc, \"stacktrace\", None)\n            if time.monotonic() > end_time:\n                break\n            time.sleep(self._poll)\n>       raise TimeoutException(message, screen, stacktrace)\nE       selenium.common.exceptions.TimeoutException: Message:\n\n.venv/lib/python3.10/site-packages/selenium/webdriver/support/wait.py:105: TimeoutException"}, "steps": [{"name": "Открыть страницу http://uitestingplayground.com/progressbar", "status": "passed", "start": 1735396736226, "stop": 1735396737923}, {"name": "Страница http://uitestingplayground.com/progressbar открыта", "status": "passed", "start": 1735396737923, "stop": 1735396737926}, {"name": "Нажать на кнопку 'Start'", "status": "passed", "start": 1735396737926, "stop": 1735396738031}, {"name": "Получить текущее значение индикатора выполнения", "status": "passed", "start": 1735396738031, "stop": 1735396738040}, {"name": "Ждать, пока индикатор выполнения достигнет 75%", "status": "broken", "statusDetails": {"message": "selenium.common.exceptions.TimeoutException: Message: \n\n", "trace": "  File \"/Users/ivanvoronov/PycharmProjects/pom_uitesting_playground/.venv/lib/python3.10/site-packages/allure_commons/_allure.py\", line 192, in impl\n    return func(*a, **kw)\n  File \"/Users/ivanvoronov/PycharmProjects/pom_uitesting_playground/pages/progress_bar.py\", line 35, in wait_for_progress_bar_to_reach_75\n    self.wait.until(\n  File \"/Users/ivanvoronov/PycharmProjects/pom_uitesting_playground/.venv/lib/python3.10/site-packages/selenium/webdriver/support/wait.py\", line 105, in until\n    raise TimeoutException(message, screen, stacktrace)\n"}, "steps": [{"name": "Получить текущее значение индикатора выполнения", "status": "passed", "start": 1735396738040, "stop": 1735396738046}, {"name": "Получить текущее значение индикатора выполнения", "status": "passed", "start": 1735396739052, "stop": 1735396739070}, {"name": "Получить текущее значение индикатора выполнения", "status": "passed", "start": 1735396740075, "stop": 1735396740097}, {"name": "Получить текущее значение индикатора выполнения", "status": "passed", "start": 1735396741102, "stop": 1735396741124}, {"name": "Получить текущее значение индикатора выполнения", "status": "passed", "start": 1735396742130, "stop": 1735396742149}, {"name": "Получить текущее значение индикатора выполнения", "status": "passed", "start": 1735396743154, "stop": 1735396743169}, {"name": "Получить текущее значение индикатора выполнения", "status": "passed", "start": 1735396744173, "stop": 1735396744187}, {"name": "Получить текущее значение индикатора выполнения", "status": "passed", "start": 1735396745188, "stop": 1735396745209}, {"name": "Получить текущее значение индикатора выполнения", "status": "passed", "start": 1735396746214, "stop": 1735396746237}, {"name": "Получить текущее значение индикатора выполнения", "status": "passed", "start": 1735396747240, "stop": 1735396747254}, {"name": "Получить текущее значение индикатора выполнения", "status": "passed", "start": 1735396748256, "stop": 1735396748269}, {"name": "Получить текущее значение индикатора выполнения", "status": "passed", "start": 1735396749274, "stop": 1735396749294}, {"name": "Получить текущее значение индикатора выполнения", "status": "passed", "start": 1735396750296, "stop": 1735396750317}, {"name": "Получить текущее значение индикатора выполнения", "status": "passed", "start": 1735396751323, "stop": 1735396751344}, {"name": "Получить текущее значение индикатора выполнения", "status": "passed", "start": 1735396752347, "stop": 1735396752367}, {"name": "Получить текущее значение индикатора выполнения", "status": "passed", "start": 1735396753372, "stop": 1735396753391}, {"name": "Получить текущее значение индикатора выполнения", "status": "passed", "start": 1735396754395, "stop": 1735396754416}], "start": 1735396738040, "stop": 1735396754416}], "attachments": [{"name": "Скриншот", "source": "7e8f5f00-810f-4553-8128-5354cb12ecf2-attachment.png", "type": "image/png"}], "start": 1735396736225, "stop": 1735396754417, "uuid": "6631ca56-3c5c-4b55-bbd3-7d2ddcc3770d", "historyId": "ca75a27916fee3f32a01df6c54749881", "testCaseId": "ca75a27916fee3f32a01df6c54749881", "fullName": "tests.test_features_ui_playground.TestFeaturesUiPlayground#test_progress_bar", "labels": [{"name": "severity", "value": "Minor"}, {"name": "feature", "value": "feature_ui_playground"}, {"name": "parentSuite", "value": "tests"}, {"name": "suite", "value": "test_features_ui_playground"}, {"name": "subSuite", "value": "TestFeaturesUiPlayground"}, {"name": "host", "value": "MacBook-Air-Ivan.local"}, {"name": "thread", "value": "33343-MainThread"}, {"name": "framework", "value": "pytest"}, {"name": "language", "value": "cpython3"}, {"name": "package", "value": "tests.test_features_ui_playground"}]}