{"name": "Progress Bar 75%", "status": "broken", "statusDetails": {"message": "selenium.common.exceptions.TimeoutException: Message:", "trace": "self = <tests.test_features_ui_playground.TestFeaturesUiPlayground object at 0x1062e8f10>\n\n    @allure.title(\"Progress Bar 75%\")\n    @allure.severity(\"Minor\")\n    def test_progress_bar(self):\n        self.progress_bar_page.open()\n        self.progress_bar_page.is_opened()\n        self.progress_bar_page.click_button_start()\n        self.progress_bar_page.get_progress_bar_value()\n>       self.progress_bar_page.wait_for_progress_bar_to_reach_75()\n\ntests/test_features_ui_playground.py:36: \n_ _ _ _ _ _ _ _ _ _ _ _ _ _ _ _ _ _ _ _ _ _ _ _ _ _ _ _ _ _ _ _ _ _ _ _ _ _ _ _ \npages/progress_bar.py:35: in wait_for_progress_bar_to_reach_75\n    self.wait.until(\n_ _ _ _ _ _ _ _ _ _ _ _ _ _ _ _ _ _ _ _ _ _ _ _ _ _ _ _ _ _ _ _ _ _ _ _ _ _ _ _ \n\nself = <selenium.webdriver.support.wait.WebDriverWait (session=\"b10bf53ba467a15eb4005f37309aa973\")>\nmethod = <function ProgressBarPage.wait_for_progress_bar_to_reach_75.<locals>.<lambda> at 0x10633bd90>\nmessage = ''\n\n    def until(self, method: Callable[[D], Union[Literal[False], T]], message: str = \"\") -> T:\n        \"\"\"Calls the method provided with the driver as an argument until the \\\n        return value does not evaluate to ``False``.\n    \n        :param method: callable(WebDriver)\n        :param message: optional message for :exc:`TimeoutException`\n        :returns: the result of the last call to `method`\n        :raises: :exc:`selenium.common.exceptions.TimeoutException` if timeout occurs\n        \"\"\"\n        screen = None\n        stacktrace = None\n    \n        end_time = time.monotonic() + self._timeout\n        while True:\n            try:\n                value = method(self._driver)\n                if value:\n                    return value\n            except self._ignored_exceptions as exc:\n                screen = getattr(exc, \"screen\", None)\n                stacktrace = getattr(exc, \"stacktrace\", None)\n            if time.monotonic() > end_time:\n                break\n            time.sleep(self._poll)\n>       raise TimeoutException(message, screen, stacktrace)\nE       selenium.common.exceptions.TimeoutException: Message:\n\n.venv/lib/python3.10/site-packages/selenium/webdriver/support/wait.py:105: TimeoutException"}, "steps": [{"name": "Открыть страницу http://uitestingplayground.com/progressbar", "status": "passed", "start": 1735396008232, "stop": 1735396009811}, {"name": "Страница http://uitestingplayground.com/progressbar открыта", "status": "passed", "start": 1735396009811, "stop": 1735396009814}, {"name": "Нажать на кнопку 'Start'", "status": "passed", "start": 1735396009815, "stop": 1735396009866}, {"name": "Получить текущее значение индикатора выполнения", "status": "passed", "start": 1735396009866, "stop": 1735396009877}, {"name": "Ждать, пока индикатор выполнения достигнет 75%", "status": "broken", "statusDetails": {"message": "selenium.common.exceptions.TimeoutException: Message: \n\n", "trace": "  File \"/Users/ivanvoronov/PycharmProjects/pom_uitesting_playground/.venv/lib/python3.10/site-packages/allure_commons/_allure.py\", line 192, in impl\n    return func(*a, **kw)\n  File \"/Users/ivanvoronov/PycharmProjects/pom_uitesting_playground/pages/progress_bar.py\", line 35, in wait_for_progress_bar_to_reach_75\n    self.wait.until(\n  File \"/Users/ivanvoronov/PycharmProjects/pom_uitesting_playground/.venv/lib/python3.10/site-packages/selenium/webdriver/support/wait.py\", line 105, in until\n    raise TimeoutException(message, screen, stacktrace)\n"}, "steps": [{"name": "Получить текущее значение индикатора выполнения", "status": "passed", "start": 1735396009877, "stop": 1735396009884}, {"name": "Получить текущее значение индикатора выполнения", "status": "passed", "start": 1735396010886, "stop": 1735396010892}, {"name": "Получить текущее значение индикатора выполнения", "status": "passed", "start": 1735396011897, "stop": 1735396011905}, {"name": "Получить текущее значение индикатора выполнения", "status": "passed", "start": 1735396012910, "stop": 1735396012917}, {"name": "Получить текущее значение индикатора выполнения", "status": "passed", "start": 1735396013920, "stop": 1735396013941}, {"name": "Получить текущее значение индикатора выполнения", "status": "passed", "start": 1735396014946, "stop": 1735396014953}, {"name": "Получить текущее значение индикатора выполнения", "status": "passed", "start": 1735396015953, "stop": 1735396015960}, {"name": "Получить текущее значение индикатора выполнения", "status": "passed", "start": 1735396016966, "stop": 1735396016993}, {"name": "Получить текущее значение индикатора выполнения", "status": "passed", "start": 1735396017998, "stop": 1735396018020}, {"name": "Получить текущее значение индикатора выполнения", "status": "passed", "start": 1735396019021, "stop": 1735396019036}, {"name": "Получить текущее значение индикатора выполнения", "status": "passed", "start": 1735396020042, "stop": 1735396020061}, {"name": "Получить текущее значение индикатора выполнения", "status": "passed", "start": 1735396021066, "stop": 1735396021089}, {"name": "Получить текущее значение индикатора выполнения", "status": "passed", "start": 1735396022093, "stop": 1735396022107}, {"name": "Получить текущее значение индикатора выполнения", "status": "passed", "start": 1735396023112, "stop": 1735396023138}, {"name": "Получить текущее значение индикатора выполнения", "status": "passed", "start": 1735396024140, "stop": 1735396024161}, {"name": "Получить текущее значение индикатора выполнения", "status": "passed", "start": 1735396025167, "stop": 1735396025191}, {"name": "Получить текущее значение индикатора выполнения", "status": "passed", "start": 1735396026195, "stop": 1735396026216}], "start": 1735396009877, "stop": 1735396026216}], "attachments": [{"name": "Скриншот", "source": "2ac2243c-cc60-4383-bb60-fe6062a8e5b4-attachment.png", "type": "image/png"}], "start": 1735396008232, "stop": 1735396026217, "uuid": "e80b24c5-ddb1-460e-aaf5-3673c69fd6ea", "historyId": "ca75a27916fee3f32a01df6c54749881", "testCaseId": "ca75a27916fee3f32a01df6c54749881", "fullName": "tests.test_features_ui_playground.TestFeaturesUiPlayground#test_progress_bar", "labels": [{"name": "severity", "value": "Minor"}, {"name": "feature", "value": "feature_ui_playground"}, {"name": "parentSuite", "value": "tests"}, {"name": "suite", "value": "test_features_ui_playground"}, {"name": "subSuite", "value": "TestFeaturesUiPlayground"}, {"name": "host", "value": "MacBook-Air-Ivan.local"}, {"name": "thread", "value": "27701-MainThread"}, {"name": "framework", "value": "pytest"}, {"name": "language", "value": "cpython3"}, {"name": "package", "value": "tests.test_features_ui_playground"}]}