{"name": "Progress Bar 75%", "status": "broken", "statusDetails": {"message": "selenium.common.exceptions.TimeoutException: Message:", "trace": "self = <tests.test_features_ui_playground.TestFeaturesUiPlayground object at 0x10447d000>\n\n    @allure.title(\"Progress Bar 75%\")\n    @allure.severity(\"Minor\")\n    def test_progress_bar(self):\n        self.progress_bar_page.open()\n        self.progress_bar_page.is_opened()\n        self.progress_bar_page.click_button_start()\n        self.progress_bar_page.get_progress_bar_value()\n>       self.progress_bar_page.wait_for_progress_bar_to_reach_75()\n\ntests/test_features_ui_playground.py:36: \n_ _ _ _ _ _ _ _ _ _ _ _ _ _ _ _ _ _ _ _ _ _ _ _ _ _ _ _ _ _ _ _ _ _ _ _ _ _ _ _ \npages/progress_bar.py:35: in wait_for_progress_bar_to_reach_75\n    self.wait.until(\n_ _ _ _ _ _ _ _ _ _ _ _ _ _ _ _ _ _ _ _ _ _ _ _ _ _ _ _ _ _ _ _ _ _ _ _ _ _ _ _ \n\nself = <selenium.webdriver.support.wait.WebDriverWait (session=\"7120bc8e7c8dc6d037e7e95c3dab4dc6\")>\nmethod = <function ProgressBarPage.wait_for_progress_bar_to_reach_75.<locals>.<lambda> at 0x1044cfe20>\nmessage = ''\n\n    def until(self, method: Callable[[D], Union[Literal[False], T]], message: str = \"\") -> T:\n        \"\"\"Calls the method provided with the driver as an argument until the \\\n        return value does not evaluate to ``False``.\n    \n        :param method: callable(WebDriver)\n        :param message: optional message for :exc:`TimeoutException`\n        :returns: the result of the last call to `method`\n        :raises: :exc:`selenium.common.exceptions.TimeoutException` if timeout occurs\n        \"\"\"\n        screen = None\n        stacktrace = None\n    \n        end_time = time.monotonic() + self._timeout\n        while True:\n            try:\n                value = method(self._driver)\n                if value:\n                    return value\n            except self._ignored_exceptions as exc:\n                screen = getattr(exc, \"screen\", None)\n                stacktrace = getattr(exc, \"stacktrace\", None)\n            if time.monotonic() > end_time:\n                break\n            time.sleep(self._poll)\n>       raise TimeoutException(message, screen, stacktrace)\nE       selenium.common.exceptions.TimeoutException: Message:\n\n.venv/lib/python3.10/site-packages/selenium/webdriver/support/wait.py:105: TimeoutException"}, "steps": [{"name": "Открыть страницу http://uitestingplayground.com/progressbar", "status": "passed", "start": 1735396602111, "stop": 1735396603638}, {"name": "Страница http://uitestingplayground.com/progressbar открыта", "status": "passed", "start": 1735396603638, "stop": 1735396603642}, {"name": "Нажать на кнопку 'Start'", "status": "passed", "start": 1735396603642, "stop": 1735396603688}, {"name": "Получить текущее значение индикатора выполнения", "status": "passed", "start": 1735396603688, "stop": 1735396603698}, {"name": "Ждать, пока индикатор выполнения достигнет 75%", "status": "broken", "statusDetails": {"message": "selenium.common.exceptions.TimeoutException: Message: \n\n", "trace": "  File \"/Users/ivanvoronov/PycharmProjects/pom_uitesting_playground/.venv/lib/python3.10/site-packages/allure_commons/_allure.py\", line 192, in impl\n    return func(*a, **kw)\n  File \"/Users/ivanvoronov/PycharmProjects/pom_uitesting_playground/pages/progress_bar.py\", line 35, in wait_for_progress_bar_to_reach_75\n    self.wait.until(\n  File \"/Users/ivanvoronov/PycharmProjects/pom_uitesting_playground/.venv/lib/python3.10/site-packages/selenium/webdriver/support/wait.py\", line 105, in until\n    raise TimeoutException(message, screen, stacktrace)\n"}, "steps": [{"name": "Получить текущее значение индикатора выполнения", "status": "passed", "start": 1735396603698, "stop": 1735396603706}, {"name": "Получить текущее значение индикатора выполнения", "status": "passed", "start": 1735396604711, "stop": 1735396604718}, {"name": "Получить текущее значение индикатора выполнения", "status": "passed", "start": 1735396605723, "stop": 1735396605728}, {"name": "Получить текущее значение индикатора выполнения", "status": "passed", "start": 1735396606732, "stop": 1735396606737}, {"name": "Получить текущее значение индикатора выполнения", "status": "passed", "start": 1735396607743, "stop": 1735396607748}, {"name": "Получить текущее значение индикатора выполнения", "status": "passed", "start": 1735396608750, "stop": 1735396608755}, {"name": "Получить текущее значение индикатора выполнения", "status": "passed", "start": 1735396609761, "stop": 1735396609770}, {"name": "Получить текущее значение индикатора выполнения", "status": "passed", "start": 1735396610775, "stop": 1735396610795}, {"name": "Получить текущее значение индикатора выполнения", "status": "passed", "start": 1735396611799, "stop": 1735396611820}, {"name": "Получить текущее значение индикатора выполнения", "status": "passed", "start": 1735396612825, "stop": 1735396612832}, {"name": "Получить текущее значение индикатора выполнения", "status": "passed", "start": 1735396613837, "stop": 1735396613858}, {"name": "Получить текущее значение индикатора выполнения", "status": "passed", "start": 1735396614864, "stop": 1735396614871}, {"name": "Получить текущее значение индикатора выполнения", "status": "passed", "start": 1735396615876, "stop": 1735396615899}, {"name": "Получить текущее значение индикатора выполнения", "status": "passed", "start": 1735396616902, "stop": 1735396616922}, {"name": "Получить текущее значение индикатора выполнения", "status": "passed", "start": 1735396617927, "stop": 1735396617950}, {"name": "Получить текущее значение индикатора выполнения", "status": "passed", "start": 1735396618954, "stop": 1735396618972}, {"name": "Получить текущее значение индикатора выполнения", "status": "passed", "start": 1735396619973, "stop": 1735396619985}], "start": 1735396603698, "stop": 1735396619985}], "attachments": [{"name": "Скриншот", "source": "e511d78b-b9f7-4da9-a93f-1adb36f31f39-attachment.png", "type": "image/png"}], "start": 1735396602111, "stop": 1735396619986, "uuid": "0851e3f2-8558-46ea-a232-239c7af3855f", "historyId": "ca75a27916fee3f32a01df6c54749881", "testCaseId": "ca75a27916fee3f32a01df6c54749881", "fullName": "tests.test_features_ui_playground.TestFeaturesUiPlayground#test_progress_bar", "labels": [{"name": "feature", "value": "feature_ui_playground"}, {"name": "severity", "value": "Minor"}, {"name": "parentSuite", "value": "tests"}, {"name": "suite", "value": "test_features_ui_playground"}, {"name": "subSuite", "value": "TestFeaturesUiPlayground"}, {"name": "host", "value": "MacBook-Air-Ivan.local"}, {"name": "thread", "value": "32418-MainThread"}, {"name": "framework", "value": "pytest"}, {"name": "language", "value": "cpython3"}, {"name": "package", "value": "tests.test_features_ui_playground"}]}