{"name": "Progress Bar 75%", "status": "broken", "statusDetails": {"message": "selenium.common.exceptions.TimeoutException: Message:", "trace": "self = <tests.test_features_ui_playground.TestFeaturesUiPlayground object at 0x105f29000>\n\n    @allure.title(\"Progress Bar 75%\")\n    @allure.severity(\"Minor\")\n    def test_progress_bar(self):\n        self.progress_bar_page.open()\n        self.progress_bar_page.is_opened()\n        self.progress_bar_page.click_button_start()\n        self.progress_bar_page.get_progress_bar_value()\n>       self.progress_bar_page.wait_for_progress_bar_to_reach_75()\n\ntests/test_features_ui_playground.py:36: \n_ _ _ _ _ _ _ _ _ _ _ _ _ _ _ _ _ _ _ _ _ _ _ _ _ _ _ _ _ _ _ _ _ _ _ _ _ _ _ _ \npages/progress_bar.py:35: in wait_for_progress_bar_to_reach_75\n    self.wait.until(\n_ _ _ _ _ _ _ _ _ _ _ _ _ _ _ _ _ _ _ _ _ _ _ _ _ _ _ _ _ _ _ _ _ _ _ _ _ _ _ _ \n\nself = <selenium.webdriver.support.wait.WebDriverWait (session=\"759b22f9aae08bcd79330c47151e3ed1\")>\nmethod = <function ProgressBarPage.wait_for_progress_bar_to_reach_75.<locals>.<lambda> at 0x105c4fd90>\nmessage = ''\n\n    def until(self, method: Callable[[D], Union[Literal[False], T]], message: str = \"\") -> T:\n        \"\"\"Calls the method provided with the driver as an argument until the \\\n        return value does not evaluate to ``False``.\n    \n        :param method: callable(WebDriver)\n        :param message: optional message for :exc:`TimeoutException`\n        :returns: the result of the last call to `method`\n        :raises: :exc:`selenium.common.exceptions.TimeoutException` if timeout occurs\n        \"\"\"\n        screen = None\n        stacktrace = None\n    \n        end_time = time.monotonic() + self._timeout\n        while True:\n            try:\n                value = method(self._driver)\n                if value:\n                    return value\n            except self._ignored_exceptions as exc:\n                screen = getattr(exc, \"screen\", None)\n                stacktrace = getattr(exc, \"stacktrace\", None)\n            if time.monotonic() > end_time:\n                break\n            time.sleep(self._poll)\n>       raise TimeoutException(message, screen, stacktrace)\nE       selenium.common.exceptions.TimeoutException: Message:\n\n.venv/lib/python3.10/site-packages/selenium/webdriver/support/wait.py:105: TimeoutException"}, "steps": [{"name": "Открыть страницу http://uitestingplayground.com/progressbar", "status": "passed", "start": 1735396774787, "stop": 1735396775473}, {"name": "Страница http://uitestingplayground.com/progressbar открыта", "status": "passed", "start": 1735396775473, "stop": 1735396776542}, {"name": "Нажать на кнопку 'Start'", "status": "passed", "start": 1735396776542, "stop": 1735396776698}, {"name": "Получить текущее значение индикатора выполнения", "status": "passed", "start": 1735396776698, "stop": 1735396776709}, {"name": "Ждать, пока индикатор выполнения достигнет 75%", "status": "broken", "statusDetails": {"message": "selenium.common.exceptions.TimeoutException: Message: \n\n", "trace": "  File \"/Users/ivanvoronov/PycharmProjects/pom_uitesting_playground/.venv/lib/python3.10/site-packages/allure_commons/_allure.py\", line 192, in impl\n    return func(*a, **kw)\n  File \"/Users/ivanvoronov/PycharmProjects/pom_uitesting_playground/pages/progress_bar.py\", line 35, in wait_for_progress_bar_to_reach_75\n    self.wait.until(\n  File \"/Users/ivanvoronov/PycharmProjects/pom_uitesting_playground/.venv/lib/python3.10/site-packages/selenium/webdriver/support/wait.py\", line 105, in until\n    raise TimeoutException(message, screen, stacktrace)\n"}, "steps": [{"name": "Получить текущее значение индикатора выполнения", "status": "passed", "start": 1735396776709, "stop": 1735396776720}, {"name": "Получить текущее значение индикатора выполнения", "status": "passed", "start": 1735396777726, "stop": 1735396778057}, {"name": "Получить текущее значение индикатора выполнения", "status": "passed", "start": 1735396779062, "stop": 1735396779069}, {"name": "Получить текущее значение индикатора выполнения", "status": "passed", "start": 1735396780074, "stop": 1735396780082}, {"name": "Получить текущее значение индикатора выполнения", "status": "passed", "start": 1735396781087, "stop": 1735396781097}, {"name": "Получить текущее значение индикатора выполнения", "status": "passed", "start": 1735396782098, "stop": 1735396782104}, {"name": "Получить текущее значение индикатора выполнения", "status": "passed", "start": 1735396783107, "stop": 1735396783113}, {"name": "Получить текущее значение индикатора выполнения", "status": "passed", "start": 1735396784119, "stop": 1735396784125}, {"name": "Получить текущее значение индикатора выполнения", "status": "passed", "start": 1735396785130, "stop": 1735396785137}, {"name": "Получить текущее значение индикатора выполнения", "status": "passed", "start": 1735396786139, "stop": 1735396786145}, {"name": "Получить текущее значение индикатора выполнения", "status": "passed", "start": 1735396787150, "stop": 1735396787156}, {"name": "Получить текущее значение индикатора выполнения", "status": "passed", "start": 1735396788158, "stop": 1735396788170}, {"name": "Получить текущее значение индикатора выполнения", "status": "passed", "start": 1735396789173, "stop": 1735396789180}, {"name": "Получить текущее значение индикатора выполнения", "status": "passed", "start": 1735396790186, "stop": 1735396790192}, {"name": "Получить текущее значение индикатора выполнения", "status": "passed", "start": 1735396791197, "stop": 1735396791203}, {"name": "Получить текущее значение индикатора выполнения", "status": "passed", "start": 1735396792220, "stop": 1735396792347}, {"name": "Получить текущее значение индикатора выполнения", "status": "passed", "start": 1735396793350, "stop": 1735396793414}], "start": 1735396776709, "stop": 1735396793414}], "attachments": [{"name": "Скриншот", "source": "3bc10a2b-1fe8-4b0f-9e33-2d96a3b8f60c-attachment.png", "type": "image/png"}], "start": 1735396774786, "stop": 1735396793422, "uuid": "e9a18ad9-ddbf-4d1b-9408-c310242e3e51", "historyId": "ca75a27916fee3f32a01df6c54749881", "testCaseId": "ca75a27916fee3f32a01df6c54749881", "fullName": "tests.test_features_ui_playground.TestFeaturesUiPlayground#test_progress_bar", "labels": [{"name": "feature", "value": "feature_ui_playground"}, {"name": "severity", "value": "Minor"}, {"name": "parentSuite", "value": "tests"}, {"name": "suite", "value": "test_features_ui_playground"}, {"name": "subSuite", "value": "TestFeaturesUiPlayground"}, {"name": "host", "value": "MacBook-Air-Ivan.local"}, {"name": "thread", "value": "34259-MainThread"}, {"name": "framework", "value": "pytest"}, {"name": "language", "value": "cpython3"}, {"name": "package", "value": "tests.test_features_ui_playground"}]}