{"name": "Progress Bar 75%", "status": "broken", "statusDetails": {"message": "selenium.common.exceptions.TimeoutException: Message:", "trace": "self = <tests.test_features_ui_playground.TestFeaturesUiPlayground object at 0x10447d000>\n\n    @allure.title(\"Progress Bar 75%\")\n    @allure.severity(\"Minor\")\n    def test_progress_bar(self):\n        self.progress_bar_page.open()\n        self.progress_bar_page.is_opened()\n        self.progress_bar_page.click_button_start()\n        self.progress_bar_page.get_progress_bar_value()\n>       self.progress_bar_page.wait_for_progress_bar_to_reach_75()\n\ntests/test_features_ui_playground.py:36: \n_ _ _ _ _ _ _ _ _ _ _ _ _ _ _ _ _ _ _ _ _ _ _ _ _ _ _ _ _ _ _ _ _ _ _ _ _ _ _ _ \npages/progress_bar.py:35: in wait_for_progress_bar_to_reach_75\n    self.wait.until(\n_ _ _ _ _ _ _ _ _ _ _ _ _ _ _ _ _ _ _ _ _ _ _ _ _ _ _ _ _ _ _ _ _ _ _ _ _ _ _ _ \n\nself = <selenium.webdriver.support.wait.WebDriverWait (session=\"36475fdb67cd73ffff91a992a0768a11\")>\nmethod = <function ProgressBarPage.wait_for_progress_bar_to_reach_75.<locals>.<lambda> at 0x10419fd90>\nmessage = ''\n\n    def until(self, method: Callable[[D], Union[Literal[False], T]], message: str = \"\") -> T:\n        \"\"\"Calls the method provided with the driver as an argument until the \\\n        return value does not evaluate to ``False``.\n    \n        :param method: callable(WebDriver)\n        :param message: optional message for :exc:`TimeoutException`\n        :returns: the result of the last call to `method`\n        :raises: :exc:`selenium.common.exceptions.TimeoutException` if timeout occurs\n        \"\"\"\n        screen = None\n        stacktrace = None\n    \n        end_time = time.monotonic() + self._timeout\n        while True:\n            try:\n                value = method(self._driver)\n                if value:\n                    return value\n            except self._ignored_exceptions as exc:\n                screen = getattr(exc, \"screen\", None)\n                stacktrace = getattr(exc, \"stacktrace\", None)\n            if time.monotonic() > end_time:\n                break\n            time.sleep(self._poll)\n>       raise TimeoutException(message, screen, stacktrace)\nE       selenium.common.exceptions.TimeoutException: Message:\n\n.venv/lib/python3.10/site-packages/selenium/webdriver/support/wait.py:105: TimeoutException"}, "steps": [{"name": "Открыть страницу http://uitestingplayground.com/progressbar", "status": "passed", "start": 1735396582280, "stop": 1735396583059}, {"name": "Страница http://uitestingplayground.com/progressbar открыта", "status": "passed", "start": 1735396583059, "stop": 1735396583592}, {"name": "Нажать на кнопку 'Start'", "status": "passed", "start": 1735396583592, "stop": 1735396583658}, {"name": "Получить текущее значение индикатора выполнения", "status": "passed", "start": 1735396583658, "stop": 1735396583747}, {"name": "Ждать, пока индикатор выполнения достигнет 75%", "status": "broken", "statusDetails": {"message": "selenium.common.exceptions.TimeoutException: Message: \n\n", "trace": "  File \"/Users/ivanvoronov/PycharmProjects/pom_uitesting_playground/.venv/lib/python3.10/site-packages/allure_commons/_allure.py\", line 192, in impl\n    return func(*a, **kw)\n  File \"/Users/ivanvoronov/PycharmProjects/pom_uitesting_playground/pages/progress_bar.py\", line 35, in wait_for_progress_bar_to_reach_75\n    self.wait.until(\n  File \"/Users/ivanvoronov/PycharmProjects/pom_uitesting_playground/.venv/lib/python3.10/site-packages/selenium/webdriver/support/wait.py\", line 105, in until\n    raise TimeoutException(message, screen, stacktrace)\n"}, "steps": [{"name": "Получить текущее значение индикатора выполнения", "status": "passed", "start": 1735396583747, "stop": 1735396583757}, {"name": "Получить текущее значение индикатора выполнения", "status": "passed", "start": 1735396584757, "stop": 1735396584765}, {"name": "Получить текущее значение индикатора выполнения", "status": "passed", "start": 1735396585771, "stop": 1735396585778}, {"name": "Получить текущее значение индикатора выполнения", "status": "passed", "start": 1735396586784, "stop": 1735396586791}, {"name": "Получить текущее значение индикатора выполнения", "status": "passed", "start": 1735396587796, "stop": 1735396587804}, {"name": "Получить текущее значение индикатора выполнения", "status": "passed", "start": 1735396588809, "stop": 1735396588818}, {"name": "Получить текущее значение индикатора выполнения", "status": "passed", "start": 1735396589820, "stop": 1735396589826}, {"name": "Получить текущее значение индикатора выполнения", "status": "passed", "start": 1735396590832, "stop": 1735396590838}, {"name": "Получить текущее значение индикатора выполнения", "status": "passed", "start": 1735396591844, "stop": 1735396591854}, {"name": "Получить текущее значение индикатора выполнения", "status": "passed", "start": 1735396592860, "stop": 1735396592955}, {"name": "Получить текущее значение индикатора выполнения", "status": "passed", "start": 1735396593961, "stop": 1735396593985}, {"name": "Получить текущее значение индикатора выполнения", "status": "passed", "start": 1735396594987, "stop": 1735396594994}, {"name": "Получить текущее значение индикатора выполнения", "status": "passed", "start": 1735396595998, "stop": 1735396596008}, {"name": "Получить текущее значение индикатора выполнения", "status": "passed", "start": 1735396597013, "stop": 1735396597020}, {"name": "Получить текущее значение индикатора выполнения", "status": "passed", "start": 1735396598025, "stop": 1735396598031}, {"name": "Получить текущее значение индикатора выполнения", "status": "passed", "start": 1735396599037, "stop": 1735396599045}, {"name": "Получить текущее значение индикатора выполнения", "status": "passed", "start": 1735396600050, "stop": 1735396600056}], "start": 1735396583747, "stop": 1735396600057}], "attachments": [{"name": "Скриншот", "source": "7b7e1f47-6ff1-4092-8fbd-3f0db378ed2e-attachment.png", "type": "image/png"}], "start": 1735396582280, "stop": 1735396600058, "uuid": "8f34322d-31f4-4eb9-b2c6-bc7f2dfa8aad", "historyId": "ca75a27916fee3f32a01df6c54749881", "testCaseId": "ca75a27916fee3f32a01df6c54749881", "fullName": "tests.test_features_ui_playground.TestFeaturesUiPlayground#test_progress_bar", "labels": [{"name": "feature", "value": "feature_ui_playground"}, {"name": "severity", "value": "Minor"}, {"name": "parentSuite", "value": "tests"}, {"name": "suite", "value": "test_features_ui_playground"}, {"name": "subSuite", "value": "TestFeaturesUiPlayground"}, {"name": "host", "value": "MacBook-Air-Ivan.local"}, {"name": "thread", "value": "32418-MainThread"}, {"name": "framework", "value": "pytest"}, {"name": "language", "value": "cpython3"}, {"name": "package", "value": "tests.test_features_ui_playground"}]}