{"name": "Progress Bar 75%", "status": "broken", "statusDetails": {"message": "selenium.common.exceptions.TimeoutException: Message:", "trace": "self = <tests.test_features_ui_playground.TestFeaturesUiPlayground object at 0x103988fd0>\n\n    @allure.title(\"Progress Bar 75%\")\n    @allure.severity(\"Minor\")\n    def test_progress_bar(self):\n        self.progress_bar_page.open()\n        self.progress_bar_page.is_opened()\n        self.progress_bar_page.click_button_start()\n        self.progress_bar_page.get_progress_bar_value()\n>       self.progress_bar_page.wait_for_progress_bar_to_reach_75()\n\ntests/test_features_ui_playground.py:36: \n_ _ _ _ _ _ _ _ _ _ _ _ _ _ _ _ _ _ _ _ _ _ _ _ _ _ _ _ _ _ _ _ _ _ _ _ _ _ _ _ \npages/progress_bar.py:35: in wait_for_progress_bar_to_reach_75\n    self.wait.until(\n_ _ _ _ _ _ _ _ _ _ _ _ _ _ _ _ _ _ _ _ _ _ _ _ _ _ _ _ _ _ _ _ _ _ _ _ _ _ _ _ \n\nself = <selenium.webdriver.support.wait.WebDriverWait (session=\"5feb498508ff20251486cd01d9bfd7b0\")>\nmethod = <function ProgressBarPage.wait_for_progress_bar_to_reach_75.<locals>.<lambda> at 0x102dcbd90>\nmessage = ''\n\n    def until(self, method: Callable[[D], Union[Literal[False], T]], message: str = \"\") -> T:\n        \"\"\"Calls the method provided with the driver as an argument until the \\\n        return value does not evaluate to ``False``.\n    \n        :param method: callable(WebDriver)\n        :param message: optional message for :exc:`TimeoutException`\n        :returns: the result of the last call to `method`\n        :raises: :exc:`selenium.common.exceptions.TimeoutException` if timeout occurs\n        \"\"\"\n        screen = None\n        stacktrace = None\n    \n        end_time = time.monotonic() + self._timeout\n        while True:\n            try:\n                value = method(self._driver)\n                if value:\n                    return value\n            except self._ignored_exceptions as exc:\n                screen = getattr(exc, \"screen\", None)\n                stacktrace = getattr(exc, \"stacktrace\", None)\n            if time.monotonic() > end_time:\n                break\n            time.sleep(self._poll)\n>       raise TimeoutException(message, screen, stacktrace)\nE       selenium.common.exceptions.TimeoutException: Message:\n\n.venv/lib/python3.10/site-packages/selenium/webdriver/support/wait.py:105: TimeoutException"}, "steps": [{"name": "Открыть страницу http://uitestingplayground.com/progressbar", "status": "passed", "start": 1735396307371, "stop": 1735396308849}, {"name": "Страница http://uitestingplayground.com/progressbar открыта", "status": "passed", "start": 1735396308849, "stop": 1735396308859}, {"name": "Нажать на кнопку 'Start'", "status": "passed", "start": 1735396308859, "stop": 1735396309047}, {"name": "Получить текущее значение индикатора выполнения", "status": "passed", "start": 1735396309048, "stop": 1735396309067}, {"name": "Ждать, пока индикатор выполнения достигнет 75%", "status": "broken", "statusDetails": {"message": "selenium.common.exceptions.TimeoutException: Message: \n\n", "trace": "  File \"/Users/ivanvoronov/PycharmProjects/pom_uitesting_playground/.venv/lib/python3.10/site-packages/allure_commons/_allure.py\", line 192, in impl\n    return func(*a, **kw)\n  File \"/Users/ivanvoronov/PycharmProjects/pom_uitesting_playground/pages/progress_bar.py\", line 35, in wait_for_progress_bar_to_reach_75\n    self.wait.until(\n  File \"/Users/ivanvoronov/PycharmProjects/pom_uitesting_playground/.venv/lib/python3.10/site-packages/selenium/webdriver/support/wait.py\", line 105, in until\n    raise TimeoutException(message, screen, stacktrace)\n"}, "steps": [{"name": "Получить текущее значение индикатора выполнения", "status": "passed", "start": 1735396309067, "stop": 1735396309085}, {"name": "Получить текущее значение индикатора выполнения", "status": "passed", "start": 1735396310087, "stop": 1735396310318}, {"name": "Получить текущее значение индикатора выполнения", "status": "passed", "start": 1735396311318, "stop": 1735396311325}, {"name": "Получить текущее значение индикатора выполнения", "status": "passed", "start": 1735396312330, "stop": 1735396312338}, {"name": "Получить текущее значение индикатора выполнения", "status": "passed", "start": 1735396313343, "stop": 1735396313350}, {"name": "Получить текущее значение индикатора выполнения", "status": "passed", "start": 1735396314353, "stop": 1735396314360}, {"name": "Получить текущее значение индикатора выполнения", "status": "passed", "start": 1735396315365, "stop": 1735396315372}, {"name": "Получить текущее значение индикатора выполнения", "status": "passed", "start": 1735396316377, "stop": 1735396316384}, {"name": "Получить текущее значение индикатора выполнения", "status": "passed", "start": 1735396317388, "stop": 1735396317397}, {"name": "Получить текущее значение индикатора выполнения", "status": "passed", "start": 1735396318402, "stop": 1735396318409}, {"name": "Получить текущее значение индикатора выполнения", "status": "passed", "start": 1735396319414, "stop": 1735396319421}, {"name": "Получить текущее значение индикатора выполнения", "status": "passed", "start": 1735396320426, "stop": 1735396320476}, {"name": "Получить текущее значение индикатора выполнения", "status": "passed", "start": 1735396321481, "stop": 1735396321488}, {"name": "Получить текущее значение индикатора выполнения", "status": "passed", "start": 1735396322493, "stop": 1735396322499}, {"name": "Получить текущее значение индикатора выполнения", "status": "passed", "start": 1735396323501, "stop": 1735396323507}, {"name": "Получить текущее значение индикатора выполнения", "status": "passed", "start": 1735396324512, "stop": 1735396324518}, {"name": "Получить текущее значение индикатора выполнения", "status": "passed", "start": 1735396325521, "stop": 1735396325577}], "start": 1735396309067, "stop": 1735396325577}], "attachments": [{"name": "Скриншот", "source": "fe19e8a5-675a-4e08-9011-3b52b81b910e-attachment.png", "type": "image/png"}], "start": 1735396307371, "stop": 1735396325626, "uuid": "de06350b-f28c-47ff-899a-d2f0f7aeeda4", "historyId": "ca75a27916fee3f32a01df6c54749881", "testCaseId": "ca75a27916fee3f32a01df6c54749881", "fullName": "tests.test_features_ui_playground.TestFeaturesUiPlayground#test_progress_bar", "labels": [{"name": "feature", "value": "feature_ui_playground"}, {"name": "severity", "value": "Minor"}, {"name": "parentSuite", "value": "tests"}, {"name": "suite", "value": "test_features_ui_playground"}, {"name": "subSuite", "value": "TestFeaturesUiPlayground"}, {"name": "host", "value": "MacBook-Air-Ivan.local"}, {"name": "thread", "value": "29990-MainThread"}, {"name": "framework", "value": "pytest"}, {"name": "language", "value": "cpython3"}, {"name": "package", "value": "tests.test_features_ui_playground"}]}