{"name": "Progress Bar 75%", "status": "broken", "statusDetails": {"message": "selenium.common.exceptions.TimeoutException: Message:", "trace": "self = <tests.test_features_ui_playground.TestFeaturesUiPlayground object at 0x110489030>\n\n    @allure.title(\"Progress Bar 75%\")\n    @allure.severity(\"Minor\")\n    def test_progress_bar(self):\n        self.progress_bar_page.open()\n        self.progress_bar_page.is_opened()\n        self.progress_bar_page.click_button_start()\n        self.progress_bar_page.get_progress_bar_value()\n>       self.progress_bar_page.wait_for_progress_bar_to_reach_75()\n\ntests/test_features_ui_playground.py:36: \n_ _ _ _ _ _ _ _ _ _ _ _ _ _ _ _ _ _ _ _ _ _ _ _ _ _ _ _ _ _ _ _ _ _ _ _ _ _ _ _ \npages/progress_bar.py:35: in wait_for_progress_bar_to_reach_75\n    self.wait.until(\n_ _ _ _ _ _ _ _ _ _ _ _ _ _ _ _ _ _ _ _ _ _ _ _ _ _ _ _ _ _ _ _ _ _ _ _ _ _ _ _ \n\nself = <selenium.webdriver.support.wait.WebDriverWait (session=\"ad982d359f0e42b02ecce30330a6b09e\")>\nmethod = <function ProgressBarPage.wait_for_progress_bar_to_reach_75.<locals>.<lambda> at 0x1101afd90>\nmessage = ''\n\n    def until(self, method: Callable[[D], Union[Literal[False], T]], message: str = \"\") -> T:\n        \"\"\"Calls the method provided with the driver as an argument until the \\\n        return value does not evaluate to ``False``.\n    \n        :param method: callable(WebDriver)\n        :param message: optional message for :exc:`TimeoutException`\n        :returns: the result of the last call to `method`\n        :raises: :exc:`selenium.common.exceptions.TimeoutException` if timeout occurs\n        \"\"\"\n        screen = None\n        stacktrace = None\n    \n        end_time = time.monotonic() + self._timeout\n        while True:\n            try:\n                value = method(self._driver)\n                if value:\n                    return value\n            except self._ignored_exceptions as exc:\n                screen = getattr(exc, \"screen\", None)\n                stacktrace = getattr(exc, \"stacktrace\", None)\n            if time.monotonic() > end_time:\n                break\n            time.sleep(self._poll)\n>       raise TimeoutException(message, screen, stacktrace)\nE       selenium.common.exceptions.TimeoutException: Message:\n\n.venv/lib/python3.10/site-packages/selenium/webdriver/support/wait.py:105: TimeoutException"}, "steps": [{"name": "Открыть страницу http://uitestingplayground.com/progressbar", "status": "passed", "start": 1735396695322, "stop": 1735396696724}, {"name": "Страница http://uitestingplayground.com/progressbar открыта", "status": "passed", "start": 1735396696724, "stop": 1735396696728}, {"name": "Нажать на кнопку 'Start'", "status": "passed", "start": 1735396696728, "stop": 1735396696791}, {"name": "Получить текущее значение индикатора выполнения", "status": "passed", "start": 1735396696791, "stop": 1735396696889}, {"name": "Ждать, пока индикатор выполнения достигнет 75%", "status": "broken", "statusDetails": {"message": "selenium.common.exceptions.TimeoutException: Message: \n\n", "trace": "  File \"/Users/ivanvoronov/PycharmProjects/pom_uitesting_playground/.venv/lib/python3.10/site-packages/allure_commons/_allure.py\", line 192, in impl\n    return func(*a, **kw)\n  File \"/Users/ivanvoronov/PycharmProjects/pom_uitesting_playground/pages/progress_bar.py\", line 35, in wait_for_progress_bar_to_reach_75\n    self.wait.until(\n  File \"/Users/ivanvoronov/PycharmProjects/pom_uitesting_playground/.venv/lib/python3.10/site-packages/selenium/webdriver/support/wait.py\", line 105, in until\n    raise TimeoutException(message, screen, stacktrace)\n"}, "steps": [{"name": "Получить текущее значение индикатора выполнения", "status": "passed", "start": 1735396696889, "stop": 1735396696902}, {"name": "Получить текущее значение индикатора выполнения", "status": "passed", "start": 1735396697908, "stop": 1735396698118}, {"name": "Получить текущее значение индикатора выполнения", "status": "passed", "start": 1735396699119, "stop": 1735396699127}, {"name": "Получить текущее значение индикатора выполнения", "status": "passed", "start": 1735396700131, "stop": 1735396700138}, {"name": "Получить текущее значение индикатора выполнения", "status": "passed", "start": 1735396701143, "stop": 1735396701149}, {"name": "Получить текущее значение индикатора выполнения", "status": "passed", "start": 1735396702154, "stop": 1735396702160}, {"name": "Получить текущее значение индикатора выполнения", "status": "passed", "start": 1735396703161, "stop": 1735396703170}, {"name": "Получить текущее значение индикатора выполнения", "status": "passed", "start": 1735396704175, "stop": 1735396704183}, {"name": "Получить текущее значение индикатора выполнения", "status": "passed", "start": 1735396705184, "stop": 1735396705193}, {"name": "Получить текущее значение индикатора выполнения", "status": "passed", "start": 1735396706197, "stop": 1735396706206}, {"name": "Получить текущее значение индикатора выполнения", "status": "passed", "start": 1735396707211, "stop": 1735396707218}, {"name": "Получить текущее значение индикатора выполнения", "status": "passed", "start": 1735396708223, "stop": 1735396708230}, {"name": "Получить текущее значение индикатора выполнения", "status": "passed", "start": 1735396709231, "stop": 1735396709238}, {"name": "Получить текущее значение индикатора выполнения", "status": "passed", "start": 1735396710243, "stop": 1735396710250}, {"name": "Получить текущее значение индикатора выполнения", "status": "passed", "start": 1735396711255, "stop": 1735396711261}, {"name": "Получить текущее значение индикатора выполнения", "status": "passed", "start": 1735396712264, "stop": 1735396712270}, {"name": "Получить текущее значение индикатора выполнения", "status": "passed", "start": 1735396713274, "stop": 1735396713282}], "start": 1735396696889, "stop": 1735396713282}], "attachments": [{"name": "Скриншот", "source": "2cece4b0-1c93-4efd-b413-330b87586301-attachment.png", "type": "image/png"}], "start": 1735396695320, "stop": 1735396713287, "uuid": "17de00f5-6720-492b-8402-35c571bd794a", "historyId": "ca75a27916fee3f32a01df6c54749881", "testCaseId": "ca75a27916fee3f32a01df6c54749881", "fullName": "tests.test_features_ui_playground.TestFeaturesUiPlayground#test_progress_bar", "labels": [{"name": "severity", "value": "Minor"}, {"name": "feature", "value": "feature_ui_playground"}, {"name": "parentSuite", "value": "tests"}, {"name": "suite", "value": "test_features_ui_playground"}, {"name": "subSuite", "value": "TestFeaturesUiPlayground"}, {"name": "host", "value": "MacBook-Air-Ivan.local"}, {"name": "thread", "value": "33343-MainThread"}, {"name": "framework", "value": "pytest"}, {"name": "language", "value": "cpython3"}, {"name": "package", "value": "tests.test_features_ui_playground"}]}