{"name": "Progress Bar 75%", "status": "broken", "statusDetails": {"message": "selenium.common.exceptions.TimeoutException: Message:", "trace": "self = <tests.test_features_ui_playground.TestFeaturesUiPlayground object at 0x103988fd0>\n\n    @allure.title(\"Progress Bar 75%\")\n    @allure.severity(\"Minor\")\n    def test_progress_bar(self):\n        self.progress_bar_page.open()\n        self.progress_bar_page.is_opened()\n        self.progress_bar_page.click_button_start()\n        self.progress_bar_page.get_progress_bar_value()\n>       self.progress_bar_page.wait_for_progress_bar_to_reach_75()\n\ntests/test_features_ui_playground.py:36: \n_ _ _ _ _ _ _ _ _ _ _ _ _ _ _ _ _ _ _ _ _ _ _ _ _ _ _ _ _ _ _ _ _ _ _ _ _ _ _ _ \npages/progress_bar.py:35: in wait_for_progress_bar_to_reach_75\n    self.wait.until(\n_ _ _ _ _ _ _ _ _ _ _ _ _ _ _ _ _ _ _ _ _ _ _ _ _ _ _ _ _ _ _ _ _ _ _ _ _ _ _ _ \n\nself = <selenium.webdriver.support.wait.WebDriverWait (session=\"9428c0ff3dd1266c5e3e8e74f96e3dac\")>\nmethod = <function ProgressBarPage.wait_for_progress_bar_to_reach_75.<locals>.<lambda> at 0x1039d9000>\nmessage = ''\n\n    def until(self, method: Callable[[D], Union[Literal[False], T]], message: str = \"\") -> T:\n        \"\"\"Calls the method provided with the driver as an argument until the \\\n        return value does not evaluate to ``False``.\n    \n        :param method: callable(WebDriver)\n        :param message: optional message for :exc:`TimeoutException`\n        :returns: the result of the last call to `method`\n        :raises: :exc:`selenium.common.exceptions.TimeoutException` if timeout occurs\n        \"\"\"\n        screen = None\n        stacktrace = None\n    \n        end_time = time.monotonic() + self._timeout\n        while True:\n            try:\n                value = method(self._driver)\n                if value:\n                    return value\n            except self._ignored_exceptions as exc:\n                screen = getattr(exc, \"screen\", None)\n                stacktrace = getattr(exc, \"stacktrace\", None)\n            if time.monotonic() > end_time:\n                break\n            time.sleep(self._poll)\n>       raise TimeoutException(message, screen, stacktrace)\nE       selenium.common.exceptions.TimeoutException: Message:\n\n.venv/lib/python3.10/site-packages/selenium/webdriver/support/wait.py:105: TimeoutException"}, "steps": [{"name": "Открыть страницу http://uitestingplayground.com/progressbar", "status": "passed", "start": 1735396348417, "stop": 1735396349645}, {"name": "Страница http://uitestingplayground.com/progressbar открыта", "status": "passed", "start": 1735396349645, "stop": 1735396349649}, {"name": "Нажать на кнопку 'Start'", "status": "passed", "start": 1735396349649, "stop": 1735396349693}, {"name": "Получить текущее значение индикатора выполнения", "status": "passed", "start": 1735396349693, "stop": 1735396349701}, {"name": "Ждать, пока индикатор выполнения достигнет 75%", "status": "broken", "statusDetails": {"message": "selenium.common.exceptions.TimeoutException: Message: \n\n", "trace": "  File \"/Users/ivanvoronov/PycharmProjects/pom_uitesting_playground/.venv/lib/python3.10/site-packages/allure_commons/_allure.py\", line 192, in impl\n    return func(*a, **kw)\n  File \"/Users/ivanvoronov/PycharmProjects/pom_uitesting_playground/pages/progress_bar.py\", line 35, in wait_for_progress_bar_to_reach_75\n    self.wait.until(\n  File \"/Users/ivanvoronov/PycharmProjects/pom_uitesting_playground/.venv/lib/python3.10/site-packages/selenium/webdriver/support/wait.py\", line 105, in until\n    raise TimeoutException(message, screen, stacktrace)\n"}, "steps": [{"name": "Получить текущее значение индикатора выполнения", "status": "passed", "start": 1735396349701, "stop": 1735396349708}, {"name": "Получить текущее значение индикатора выполнения", "status": "passed", "start": 1735396350716, "stop": 1735396350730}, {"name": "Получить текущее значение индикатора выполнения", "status": "passed", "start": 1735396351735, "stop": 1735396351748}, {"name": "Получить текущее значение индикатора выполнения", "status": "passed", "start": 1735396352754, "stop": 1735396352777}, {"name": "Получить текущее значение индикатора выполнения", "status": "passed", "start": 1735396353783, "stop": 1735396353805}, {"name": "Получить текущее значение индикатора выполнения", "status": "passed", "start": 1735396354808, "stop": 1735396354831}, {"name": "Получить текущее значение индикатора выполнения", "status": "passed", "start": 1735396355837, "stop": 1735396355859}, {"name": "Получить текущее значение индикатора выполнения", "status": "passed", "start": 1735396356861, "stop": 1735396356880}, {"name": "Получить текущее значение индикатора выполнения", "status": "passed", "start": 1735396357882, "stop": 1735396357888}, {"name": "Получить текущее значение индикатора выполнения", "status": "passed", "start": 1735396358893, "stop": 1735396358902}, {"name": "Получить текущее значение индикатора выполнения", "status": "passed", "start": 1735396359907, "stop": 1735396359917}, {"name": "Получить текущее значение индикатора выполнения", "status": "passed", "start": 1735396360922, "stop": 1735396360944}, {"name": "Получить текущее значение индикатора выполнения", "status": "passed", "start": 1735396361950, "stop": 1735396361972}, {"name": "Получить текущее значение индикатора выполнения", "status": "passed", "start": 1735396362978, "stop": 1735396362999}, {"name": "Получить текущее значение индикатора выполнения", "status": "passed", "start": 1735396364003, "stop": 1735396364025}, {"name": "Получить текущее значение индикатора выполнения", "status": "passed", "start": 1735396365031, "stop": 1735396365052}, {"name": "Получить текущее значение индикатора выполнения", "status": "passed", "start": 1735396366058, "stop": 1735396366079}], "start": 1735396349701, "stop": 1735396366079}], "attachments": [{"name": "Скриншот", "source": "9d725d01-0576-4a1f-969e-32457a667e88-attachment.png", "type": "image/png"}], "start": 1735396348417, "stop": 1735396366081, "uuid": "e0fe2c0f-3ce3-455d-9f86-9df7e34bf9b9", "historyId": "ca75a27916fee3f32a01df6c54749881", "testCaseId": "ca75a27916fee3f32a01df6c54749881", "fullName": "tests.test_features_ui_playground.TestFeaturesUiPlayground#test_progress_bar", "labels": [{"name": "feature", "value": "feature_ui_playground"}, {"name": "severity", "value": "Minor"}, {"name": "parentSuite", "value": "tests"}, {"name": "suite", "value": "test_features_ui_playground"}, {"name": "subSuite", "value": "TestFeaturesUiPlayground"}, {"name": "host", "value": "MacBook-Air-Ivan.local"}, {"name": "thread", "value": "29990-MainThread"}, {"name": "framework", "value": "pytest"}, {"name": "language", "value": "cpython3"}, {"name": "package", "value": "tests.test_features_ui_playground"}]}