{"name": "Progress Bar 75%", "status": "broken", "statusDetails": {"message": "selenium.common.exceptions.TimeoutException: Message:", "trace": "self = <tests.test_features_ui_playground.TestFeaturesUiPlayground object at 0x110489030>\n\n    @allure.title(\"Progress Bar 75%\")\n    @allure.severity(\"Minor\")\n    def test_progress_bar(self):\n        self.progress_bar_page.open()\n        self.progress_bar_page.is_opened()\n        self.progress_bar_page.click_button_start()\n        self.progress_bar_page.get_progress_bar_value()\n>       self.progress_bar_page.wait_for_progress_bar_to_reach_75()\n\ntests/test_features_ui_playground.py:36: \n_ _ _ _ _ _ _ _ _ _ _ _ _ _ _ _ _ _ _ _ _ _ _ _ _ _ _ _ _ _ _ _ _ _ _ _ _ _ _ _ \npages/progress_bar.py:35: in wait_for_progress_bar_to_reach_75\n    self.wait.until(\n_ _ _ _ _ _ _ _ _ _ _ _ _ _ _ _ _ _ _ _ _ _ _ _ _ _ _ _ _ _ _ _ _ _ _ _ _ _ _ _ \n\nself = <selenium.webdriver.support.wait.WebDriverWait (session=\"9905d8e1b59834b974f126851051c893\")>\nmethod = <function ProgressBarPage.wait_for_progress_bar_to_reach_75.<locals>.<lambda> at 0x1104dbe20>\nmessage = ''\n\n    def until(self, method: Callable[[D], Union[Literal[False], T]], message: str = \"\") -> T:\n        \"\"\"Calls the method provided with the driver as an argument until the \\\n        return value does not evaluate to ``False``.\n    \n        :param method: callable(WebDriver)\n        :param message: optional message for :exc:`TimeoutException`\n        :returns: the result of the last call to `method`\n        :raises: :exc:`selenium.common.exceptions.TimeoutException` if timeout occurs\n        \"\"\"\n        screen = None\n        stacktrace = None\n    \n        end_time = time.monotonic() + self._timeout\n        while True:\n            try:\n                value = method(self._driver)\n                if value:\n                    return value\n            except self._ignored_exceptions as exc:\n                screen = getattr(exc, \"screen\", None)\n                stacktrace = getattr(exc, \"stacktrace\", None)\n            if time.monotonic() > end_time:\n                break\n            time.sleep(self._poll)\n>       raise TimeoutException(message, screen, stacktrace)\nE       selenium.common.exceptions.TimeoutException: Message:\n\n.venv/lib/python3.10/site-packages/selenium/webdriver/support/wait.py:105: TimeoutException"}, "steps": [{"name": "Открыть страницу http://uitestingplayground.com/progressbar", "status": "passed", "start": 1735396715378, "stop": 1735396717847}, {"name": "Страница http://uitestingplayground.com/progressbar открыта", "status": "passed", "start": 1735396717847, "stop": 1735396717849}, {"name": "Нажать на кнопку 'Start'", "status": "passed", "start": 1735396717850, "stop": 1735396717890}, {"name": "Получить текущее значение индикатора выполнения", "status": "passed", "start": 1735396717890, "stop": 1735396717899}, {"name": "Ждать, пока индикатор выполнения достигнет 75%", "status": "broken", "statusDetails": {"message": "selenium.common.exceptions.TimeoutException: Message: \n\n", "trace": "  File \"/Users/ivanvoronov/PycharmProjects/pom_uitesting_playground/.venv/lib/python3.10/site-packages/allure_commons/_allure.py\", line 192, in impl\n    return func(*a, **kw)\n  File \"/Users/ivanvoronov/PycharmProjects/pom_uitesting_playground/pages/progress_bar.py\", line 35, in wait_for_progress_bar_to_reach_75\n    self.wait.until(\n  File \"/Users/ivanvoronov/PycharmProjects/pom_uitesting_playground/.venv/lib/python3.10/site-packages/selenium/webdriver/support/wait.py\", line 105, in until\n    raise TimeoutException(message, screen, stacktrace)\n"}, "steps": [{"name": "Получить текущее значение индикатора выполнения", "status": "passed", "start": 1735396717899, "stop": 1735396717905}, {"name": "Получить текущее значение индикатора выполнения", "status": "passed", "start": 1735396718910, "stop": 1735396718917}, {"name": "Получить текущее значение индикатора выполнения", "status": "passed", "start": 1735396719917, "stop": 1735396719923}, {"name": "Получить текущее значение индикатора выполнения", "status": "passed", "start": 1735396720928, "stop": 1735396720934}, {"name": "Получить текущее значение индикатора выполнения", "status": "passed", "start": 1735396721935, "stop": 1735396721941}, {"name": "Получить текущее значение индикатора выполнения", "status": "passed", "start": 1735396722943, "stop": 1735396722950}, {"name": "Получить текущее значение индикатора выполнения", "status": "passed", "start": 1735396723955, "stop": 1735396723963}, {"name": "Получить текущее значение индикатора выполнения", "status": "passed", "start": 1735396724965, "stop": 1735396724971}, {"name": "Получить текущее значение индикатора выполнения", "status": "passed", "start": 1735396725976, "stop": 1735396725988}, {"name": "Получить текущее значение индикатора выполнения", "status": "passed", "start": 1735396726993, "stop": 1735396727003}, {"name": "Получить текущее значение индикатора выполнения", "status": "passed", "start": 1735396728009, "stop": 1735396728032}, {"name": "Получить текущее значение индикатора выполнения", "status": "passed", "start": 1735396729037, "stop": 1735396729060}, {"name": "Получить текущее значение индикатора выполнения", "status": "passed", "start": 1735396730066, "stop": 1735396730081}, {"name": "Получить текущее значение индикатора выполнения", "status": "passed", "start": 1735396731087, "stop": 1735396731107}, {"name": "Получить текущее значение индикатора выполнения", "status": "passed", "start": 1735396732113, "stop": 1735396732137}, {"name": "Получить текущее значение индикатора выполнения", "status": "passed", "start": 1735396733141, "stop": 1735396733182}, {"name": "Получить текущее значение индикатора выполнения", "status": "passed", "start": 1735396734186, "stop": 1735396734194}], "start": 1735396717899, "stop": 1735396734194}], "attachments": [{"name": "Скриншот", "source": "06eae4d9-5d4e-40c0-96bd-d903c0bd9a1a-attachment.png", "type": "image/png"}], "start": 1735396715378, "stop": 1735396734195, "uuid": "e284c3ee-e0ce-46ad-8049-39e569bbd159", "historyId": "ca75a27916fee3f32a01df6c54749881", "testCaseId": "ca75a27916fee3f32a01df6c54749881", "fullName": "tests.test_features_ui_playground.TestFeaturesUiPlayground#test_progress_bar", "labels": [{"name": "severity", "value": "Minor"}, {"name": "feature", "value": "feature_ui_playground"}, {"name": "parentSuite", "value": "tests"}, {"name": "suite", "value": "test_features_ui_playground"}, {"name": "subSuite", "value": "TestFeaturesUiPlayground"}, {"name": "host", "value": "MacBook-Air-Ivan.local"}, {"name": "thread", "value": "33343-MainThread"}, {"name": "framework", "value": "pytest"}, {"name": "language", "value": "cpython3"}, {"name": "package", "value": "tests.test_features_ui_playground"}]}