{"name": "Progress Bar 75%", "status": "broken", "statusDetails": {"message": "selenium.common.exceptions.TimeoutException: Message:", "trace": "self = <tests.test_features_ui_playground.TestFeaturesUiPlayground object at 0x10447d000>\n\n    @allure.title(\"Progress Bar 75%\")\n    @allure.severity(\"Minor\")\n    def test_progress_bar(self):\n        self.progress_bar_page.open()\n        self.progress_bar_page.is_opened()\n        self.progress_bar_page.click_button_start()\n        self.progress_bar_page.get_progress_bar_value()\n>       self.progress_bar_page.wait_for_progress_bar_to_reach_75()\n\ntests/test_features_ui_playground.py:36: \n_ _ _ _ _ _ _ _ _ _ _ _ _ _ _ _ _ _ _ _ _ _ _ _ _ _ _ _ _ _ _ _ _ _ _ _ _ _ _ _ \npages/progress_bar.py:35: in wait_for_progress_bar_to_reach_75\n    self.wait.until(\n_ _ _ _ _ _ _ _ _ _ _ _ _ _ _ _ _ _ _ _ _ _ _ _ _ _ _ _ _ _ _ _ _ _ _ _ _ _ _ _ \n\nself = <selenium.webdriver.support.wait.WebDriverWait (session=\"a2187ad959feaf3013caed7e7ff469de\")>\nmethod = <function ProgressBarPage.wait_for_progress_bar_to_reach_75.<locals>.<lambda> at 0x1044cd000>\nmessage = ''\n\n    def until(self, method: Callable[[D], Union[Literal[False], T]], message: str = \"\") -> T:\n        \"\"\"Calls the method provided with the driver as an argument until the \\\n        return value does not evaluate to ``False``.\n    \n        :param method: callable(WebDriver)\n        :param message: optional message for :exc:`TimeoutException`\n        :returns: the result of the last call to `method`\n        :raises: :exc:`selenium.common.exceptions.TimeoutException` if timeout occurs\n        \"\"\"\n        screen = None\n        stacktrace = None\n    \n        end_time = time.monotonic() + self._timeout\n        while True:\n            try:\n                value = method(self._driver)\n                if value:\n                    return value\n            except self._ignored_exceptions as exc:\n                screen = getattr(exc, \"screen\", None)\n                stacktrace = getattr(exc, \"stacktrace\", None)\n            if time.monotonic() > end_time:\n                break\n            time.sleep(self._poll)\n>       raise TimeoutException(message, screen, stacktrace)\nE       selenium.common.exceptions.TimeoutException: Message:\n\n.venv/lib/python3.10/site-packages/selenium/webdriver/support/wait.py:105: TimeoutException"}, "steps": [{"name": "Открыть страницу http://uitestingplayground.com/progressbar", "status": "passed", "start": 1735396622095, "stop": 1735396623877}, {"name": "Страница http://uitestingplayground.com/progressbar открыта", "status": "passed", "start": 1735396623877, "stop": 1735396623887}, {"name": "Нажать на кнопку 'Start'", "status": "passed", "start": 1735396623887, "stop": 1735396623940}, {"name": "Получить текущее значение индикатора выполнения", "status": "passed", "start": 1735396623940, "stop": 1735396624010}, {"name": "Ждать, пока индикатор выполнения достигнет 75%", "status": "broken", "statusDetails": {"message": "selenium.common.exceptions.TimeoutException: Message: \n\n", "trace": "  File \"/Users/ivanvoronov/PycharmProjects/pom_uitesting_playground/.venv/lib/python3.10/site-packages/allure_commons/_allure.py\", line 192, in impl\n    return func(*a, **kw)\n  File \"/Users/ivanvoronov/PycharmProjects/pom_uitesting_playground/pages/progress_bar.py\", line 35, in wait_for_progress_bar_to_reach_75\n    self.wait.until(\n  File \"/Users/ivanvoronov/PycharmProjects/pom_uitesting_playground/.venv/lib/python3.10/site-packages/selenium/webdriver/support/wait.py\", line 105, in until\n    raise TimeoutException(message, screen, stacktrace)\n"}, "steps": [{"name": "Получить текущее значение индикатора выполнения", "status": "passed", "start": 1735396624010, "stop": 1735396624017}, {"name": "Получить текущее значение индикатора выполнения", "status": "passed", "start": 1735396625023, "stop": 1735396625042}, {"name": "Получить текущее значение индикатора выполнения", "status": "passed", "start": 1735396626048, "stop": 1735396626071}, {"name": "Получить текущее значение индикатора выполнения", "status": "passed", "start": 1735396627075, "stop": 1735396627085}, {"name": "Получить текущее значение индикатора выполнения", "status": "passed", "start": 1735396628090, "stop": 1735396628112}, {"name": "Получить текущее значение индикатора выполнения", "status": "passed", "start": 1735396629117, "stop": 1735396629138}, {"name": "Получить текущее значение индикатора выполнения", "status": "passed", "start": 1735396630143, "stop": 1735396630166}, {"name": "Получить текущее значение индикатора выполнения", "status": "passed", "start": 1735396631172, "stop": 1735396631194}, {"name": "Получить текущее значение индикатора выполнения", "status": "passed", "start": 1735396632195, "stop": 1735396632203}, {"name": "Получить текущее значение индикатора выполнения", "status": "passed", "start": 1735396633208, "stop": 1735396633216}, {"name": "Получить текущее значение индикатора выполнения", "status": "passed", "start": 1735396634222, "stop": 1735396634247}, {"name": "Получить текущее значение индикатора выполнения", "status": "passed", "start": 1735396635247, "stop": 1735396635256}, {"name": "Получить текущее значение индикатора выполнения", "status": "passed", "start": 1735396636261, "stop": 1735396636281}, {"name": "Получить текущее значение индикатора выполнения", "status": "passed", "start": 1735396637285, "stop": 1735396637305}, {"name": "Получить текущее значение индикатора выполнения", "status": "passed", "start": 1735396638310, "stop": 1735396638337}, {"name": "Получить текущее значение индикатора выполнения", "status": "passed", "start": 1735396639343, "stop": 1735396639363}, {"name": "Получить текущее значение индикатора выполнения", "status": "passed", "start": 1735396640368, "stop": 1735396640380}], "start": 1735396624010, "stop": 1735396640380}], "attachments": [{"name": "Скриншот", "source": "cec2e2dd-75d0-4446-a6b2-ba6dc94f0ca8-attachment.png", "type": "image/png"}], "start": 1735396622094, "stop": 1735396640381, "uuid": "12b6d9ac-1555-4836-90a4-5b07aaa7b351", "historyId": "ca75a27916fee3f32a01df6c54749881", "testCaseId": "ca75a27916fee3f32a01df6c54749881", "fullName": "tests.test_features_ui_playground.TestFeaturesUiPlayground#test_progress_bar", "labels": [{"name": "feature", "value": "feature_ui_playground"}, {"name": "severity", "value": "Minor"}, {"name": "parentSuite", "value": "tests"}, {"name": "suite", "value": "test_features_ui_playground"}, {"name": "subSuite", "value": "TestFeaturesUiPlayground"}, {"name": "host", "value": "MacBook-Air-Ivan.local"}, {"name": "thread", "value": "32418-MainThread"}, {"name": "framework", "value": "pytest"}, {"name": "language", "value": "cpython3"}, {"name": "package", "value": "tests.test_features_ui_playground"}]}