{"name": "Progress Bar 75%", "status": "broken", "statusDetails": {"message": "selenium.common.exceptions.TimeoutException: Message:", "trace": "self = <tests.test_features_ui_playground.TestFeaturesUiPlayground object at 0x104dd8f40>\n\n    @allure.title(\"Progress Bar 75%\")\n    @allure.severity(\"Minor\")\n    def test_progress_bar(self):\n        self.progress_bar_page.open()\n        self.progress_bar_page.is_opened()\n        self.progress_bar_page.click_button_start()\n        self.progress_bar_page.get_progress_bar_value()\n>       self.progress_bar_page.wait_for_progress_bar_to_reach_75()\n\ntests/test_features_ui_playground.py:36: \n_ _ _ _ _ _ _ _ _ _ _ _ _ _ _ _ _ _ _ _ _ _ _ _ _ _ _ _ _ _ _ _ _ _ _ _ _ _ _ _ \npages/progress_bar.py:35: in wait_for_progress_bar_to_reach_75\n    self.wait.until(\n_ _ _ _ _ _ _ _ _ _ _ _ _ _ _ _ _ _ _ _ _ _ _ _ _ _ _ _ _ _ _ _ _ _ _ _ _ _ _ _ \n\nself = <selenium.webdriver.support.wait.WebDriverWait (session=\"714fa3465d887257f3228baeef982823\")>\nmethod = <function ProgressBarPage.wait_for_progress_bar_to_reach_75.<locals>.<lambda> at 0x104affd90>\nmessage = ''\n\n    def until(self, method: Callable[[D], Union[Literal[False], T]], message: str = \"\") -> T:\n        \"\"\"Calls the method provided with the driver as an argument until the \\\n        return value does not evaluate to ``False``.\n    \n        :param method: callable(WebDriver)\n        :param message: optional message for :exc:`TimeoutException`\n        :returns: the result of the last call to `method`\n        :raises: :exc:`selenium.common.exceptions.TimeoutException` if timeout occurs\n        \"\"\"\n        screen = None\n        stacktrace = None\n    \n        end_time = time.monotonic() + self._timeout\n        while True:\n            try:\n                value = method(self._driver)\n                if value:\n                    return value\n            except self._ignored_exceptions as exc:\n                screen = getattr(exc, \"screen\", None)\n                stacktrace = getattr(exc, \"stacktrace\", None)\n            if time.monotonic() > end_time:\n                break\n            time.sleep(self._poll)\n>       raise TimeoutException(message, screen, stacktrace)\nE       selenium.common.exceptions.TimeoutException: Message:\n\n.venv/lib/python3.10/site-packages/selenium/webdriver/support/wait.py:105: TimeoutException"}, "steps": [{"name": "Открыть страницу http://uitestingplayground.com/progressbar", "status": "passed", "start": 1735396814329, "stop": 1735396815634}, {"name": "Страница http://uitestingplayground.com/progressbar открыта", "status": "passed", "start": 1735396815634, "stop": 1735396815637}, {"name": "Нажать на кнопку 'Start'", "status": "passed", "start": 1735396815637, "stop": 1735396815812}, {"name": "Получить текущее значение индикатора выполнения", "status": "passed", "start": 1735396815812, "stop": 1735396815825}, {"name": "Ждать, пока индикатор выполнения достигнет 75%", "status": "broken", "statusDetails": {"message": "selenium.common.exceptions.TimeoutException: Message: \n\n", "trace": "  File \"/Users/ivanvoronov/PycharmProjects/pom_uitesting_playground/.venv/lib/python3.10/site-packages/allure_commons/_allure.py\", line 192, in impl\n    return func(*a, **kw)\n  File \"/Users/ivanvoronov/PycharmProjects/pom_uitesting_playground/pages/progress_bar.py\", line 35, in wait_for_progress_bar_to_reach_75\n    self.wait.until(\n  File \"/Users/ivanvoronov/PycharmProjects/pom_uitesting_playground/.venv/lib/python3.10/site-packages/selenium/webdriver/support/wait.py\", line 105, in until\n    raise TimeoutException(message, screen, stacktrace)\n"}, "steps": [{"name": "Получить текущее значение индикатора выполнения", "status": "passed", "start": 1735396815825, "stop": 1735396815836}, {"name": "Получить текущее значение индикатора выполнения", "status": "passed", "start": 1735396816837, "stop": 1735396816845}, {"name": "Получить текущее значение индикатора выполнения", "status": "passed", "start": 1735396817850, "stop": 1735396818081}, {"name": "Получить текущее значение индикатора выполнения", "status": "passed", "start": 1735396819086, "stop": 1735396819092}, {"name": "Получить текущее значение индикатора выполнения", "status": "passed", "start": 1735396820093, "stop": 1735396820099}, {"name": "Получить текущее значение индикатора выполнения", "status": "passed", "start": 1735396821100, "stop": 1735396821106}, {"name": "Получить текущее значение индикатора выполнения", "status": "passed", "start": 1735396822110, "stop": 1735396822116}, {"name": "Получить текущее значение индикатора выполнения", "status": "passed", "start": 1735396823121, "stop": 1735396823127}, {"name": "Получить текущее значение индикатора выполнения", "status": "passed", "start": 1735396824132, "stop": 1735396824142}, {"name": "Получить текущее значение индикатора выполнения", "status": "passed", "start": 1735396825144, "stop": 1735396825155}, {"name": "Получить текущее значение индикатора выполнения", "status": "passed", "start": 1735396826159, "stop": 1735396826165}, {"name": "Получить текущее значение индикатора выполнения", "status": "passed", "start": 1735396827169, "stop": 1735396827176}, {"name": "Получить текущее значение индикатора выполнения", "status": "passed", "start": 1735396828180, "stop": 1735396828186}, {"name": "Получить текущее значение индикатора выполнения", "status": "passed", "start": 1735396829188, "stop": 1735396829195}, {"name": "Получить текущее значение индикатора выполнения", "status": "passed", "start": 1735396830200, "stop": 1735396830206}, {"name": "Получить текущее значение индикатора выполнения", "status": "passed", "start": 1735396831209, "stop": 1735396831215}, {"name": "Получить текущее значение индикатора выполнения", "status": "passed", "start": 1735396832220, "stop": 1735396832228}], "start": 1735396815825, "stop": 1735396832229}], "attachments": [{"name": "Скриншот", "source": "7f40f438-dee1-4e43-92fc-82126bb2bfe6-attachment.png", "type": "image/png"}], "start": 1735396814329, "stop": 1735396832230, "uuid": "4a4824ee-91a7-4b85-9926-06cd7c49341d", "historyId": "ca75a27916fee3f32a01df6c54749881", "testCaseId": "ca75a27916fee3f32a01df6c54749881", "fullName": "tests.test_features_ui_playground.TestFeaturesUiPlayground#test_progress_bar", "labels": [{"name": "severity", "value": "Minor"}, {"name": "feature", "value": "feature_ui_playground"}, {"name": "parentSuite", "value": "tests"}, {"name": "suite", "value": "test_features_ui_playground"}, {"name": "subSuite", "value": "TestFeaturesUiPlayground"}, {"name": "host", "value": "MacBook-Air-Ivan.local"}, {"name": "thread", "value": "34951-MainThread"}, {"name": "framework", "value": "pytest"}, {"name": "language", "value": "cpython3"}, {"name": "package", "value": "tests.test_features_ui_playground"}]}